--------------------------------------------------------------------------------
Release 14.7 Trace  (nt64)
Copyright (c) 1995-2013 Xilinx, Inc.  All rights reserved.

C:\Xilinx\14.7\ISE_DS\ISE\bin\nt64\unwrapped\trce.exe -intstyle ise -v 3 -s 3
-n 3 -fastpaths -xml main.twx main.ncd -o main.twr main.pcf -ucf main.ucf

Design file:              main.ncd
Physical constraint file: main.pcf
Device,package,speed:     xc6slx9,tqg144,C,-3 (PRODUCTION 1.23 2013-10-13)
Report level:             verbose report

Environment Variable      Effect 
--------------------      ------ 
NONE                      No environment variables were set
--------------------------------------------------------------------------------

INFO:Timing:2698 - No timing constraints found, doing default enumeration.
INFO:Timing:3412 - To improve timing, see the Timing Closure User Guide (UG612).
INFO:Timing:2752 - To get complete path coverage, use the unconstrained paths 
   option. All paths that are not constrained will be reported in the 
   unconstrained paths section(s) of the report.
INFO:Timing:3339 - The clock-to-out numbers in this timing report are based on 
   a 50 Ohm transmission line loading model.  For the details of this model, 
   and for more information on accounting for different loading conditions, 
   please see the device datasheet.



Data Sheet report:
-----------------
All values displayed in nanoseconds (ns)

Clock btnPosition to Pad
------------+-----------------+------------+-----------------+------------+------------------+--------+
            |Max (slowest) clk|  Process   |Min (fastest) clk|  Process   |                  | Clock  |
Destination |  (edge) to PAD  |   Corner   |  (edge) to PAD  |   Corner   |Internal Clock(s) | Phase  |
------------+-----------------+------------+-----------------+------------+------------------+--------+
G0          |        13.177(R)|      SLOW  |         7.570(R)|      FAST  |XLXN_4            |   0.000|
G1          |        14.306(R)|      SLOW  |         8.393(R)|      FAST  |XLXN_4            |   0.000|
G2          |        13.270(R)|      SLOW  |         7.589(R)|      FAST  |XLXN_4            |   0.000|
G3          |        13.812(R)|      SLOW  |         7.874(R)|      FAST  |XLXN_4            |   0.000|
G4          |        13.550(R)|      SLOW  |         7.746(R)|      FAST  |XLXN_4            |   0.000|
G5          |        13.948(R)|      SLOW  |         7.972(R)|      FAST  |XLXN_4            |   0.000|
G6          |        13.510(R)|      SLOW  |         7.757(R)|      FAST  |XLXN_4            |   0.000|
G7          |        13.723(R)|      SLOW  |         7.896(R)|      FAST  |XLXN_4            |   0.000|
G8          |        13.438(R)|      SLOW  |         7.763(R)|      FAST  |XLXN_4            |   0.000|
R0          |        12.852(R)|      SLOW  |         7.303(R)|      FAST  |XLXN_4            |   0.000|
R1          |        14.323(R)|      SLOW  |         8.368(R)|      FAST  |XLXN_4            |   0.000|
R2          |        12.903(R)|      SLOW  |         7.316(R)|      FAST  |XLXN_4            |   0.000|
R3          |        13.449(R)|      SLOW  |         7.706(R)|      FAST  |XLXN_4            |   0.000|
R4          |        13.685(R)|      SLOW  |         7.822(R)|      FAST  |XLXN_4            |   0.000|
R5          |        13.717(R)|      SLOW  |         7.907(R)|      FAST  |XLXN_4            |   0.000|
R6          |        13.988(R)|      SLOW  |         8.078(R)|      FAST  |XLXN_4            |   0.000|
R7          |        13.792(R)|      SLOW  |         7.889(R)|      FAST  |XLXN_4            |   0.000|
R8          |        14.219(R)|      SLOW  |         8.204(R)|      FAST  |XLXN_4            |   0.000|
------------+-----------------+------------+-----------------+------------+------------------+--------+

Clock btnSelect to Pad
------------+-----------------+------------+-----------------+------------+------------------+--------+
            |Max (slowest) clk|  Process   |Min (fastest) clk|  Process   |                  | Clock  |
Destination |  (edge) to PAD  |   Corner   |  (edge) to PAD  |   Corner   |Internal Clock(s) | Phase  |
------------+-----------------+------------+-----------------+------------+------------------+--------+
Aseg        |        15.023(R)|      SLOW  |         8.454(R)|      FAST  |XLXI_53/Gclick0   |   0.000|
            |        17.219(R)|      SLOW  |        10.193(R)|      FAST  |XLXI_53/Gclick1   |   0.000|
            |        15.053(R)|      SLOW  |         8.787(R)|      FAST  |XLXI_53/Gclick2   |   0.000|
            |        16.839(R)|      SLOW  |         9.279(R)|      FAST  |XLXI_53/Gclick3   |   0.000|
            |        16.129(R)|      SLOW  |         9.165(R)|      FAST  |XLXI_53/Gclick4   |   0.000|
            |        17.144(R)|      SLOW  |         9.743(R)|      FAST  |XLXI_53/Gclick5   |   0.000|
            |        15.951(R)|      SLOW  |         8.836(R)|      FAST  |XLXI_53/Gclick6   |   0.000|
            |        17.441(R)|      SLOW  |        10.099(R)|      FAST  |XLXI_53/Gclick7   |   0.000|
            |        15.732(R)|      SLOW  |         8.950(R)|      FAST  |XLXI_53/Gclick8   |   0.000|
            |        14.984(R)|      SLOW  |         8.418(R)|      FAST  |XLXI_53/Rclick0   |   0.000|
            |        17.136(R)|      SLOW  |        10.227(R)|      FAST  |XLXI_53/Rclick1   |   0.000|
            |        14.875(R)|      SLOW  |         8.574(R)|      FAST  |XLXI_53/Rclick2   |   0.000|
            |        16.213(R)|      SLOW  |         9.209(R)|      FAST  |XLXI_53/Rclick3   |   0.000|
            |        15.989(R)|      SLOW  |         9.179(R)|      FAST  |XLXI_53/Rclick4   |   0.000|
            |        16.978(R)|      SLOW  |         9.893(R)|      FAST  |XLXI_53/Rclick5   |   0.000|
            |        15.188(R)|      SLOW  |         8.520(R)|      FAST  |XLXI_53/Rclick6   |   0.000|
            |        17.480(R)|      SLOW  |         9.924(R)|      FAST  |XLXI_53/Rclick7   |   0.000|
            |        15.755(R)|      SLOW  |         8.622(R)|      FAST  |XLXI_53/Rclick8   |   0.000|
Bseg        |        15.061(R)|      SLOW  |         8.455(R)|      FAST  |XLXI_53/Gclick0   |   0.000|
            |        17.257(R)|      SLOW  |        10.194(R)|      FAST  |XLXI_53/Gclick1   |   0.000|
            |        15.091(R)|      SLOW  |         8.788(R)|      FAST  |XLXI_53/Gclick2   |   0.000|
            |        16.877(R)|      SLOW  |         9.280(R)|      FAST  |XLXI_53/Gclick3   |   0.000|
            |        16.167(R)|      SLOW  |         9.166(R)|      FAST  |XLXI_53/Gclick4   |   0.000|
            |        17.182(R)|      SLOW  |         9.744(R)|      FAST  |XLXI_53/Gclick5   |   0.000|
            |        15.989(R)|      SLOW  |         8.837(R)|      FAST  |XLXI_53/Gclick6   |   0.000|
            |        17.479(R)|      SLOW  |        10.100(R)|      FAST  |XLXI_53/Gclick7   |   0.000|
            |        15.770(R)|      SLOW  |         8.951(R)|      FAST  |XLXI_53/Gclick8   |   0.000|
            |        15.066(R)|      SLOW  |         8.517(R)|      FAST  |XLXI_53/Rclick0   |   0.000|
            |        17.218(R)|      SLOW  |        10.326(R)|      FAST  |XLXI_53/Rclick1   |   0.000|
            |        14.957(R)|      SLOW  |         8.673(R)|      FAST  |XLXI_53/Rclick2   |   0.000|
            |        16.295(R)|      SLOW  |         9.308(R)|      FAST  |XLXI_53/Rclick3   |   0.000|
            |        16.071(R)|      SLOW  |         9.278(R)|      FAST  |XLXI_53/Rclick4   |   0.000|
            |        17.060(R)|      SLOW  |         9.992(R)|      FAST  |XLXI_53/Rclick5   |   0.000|
            |        15.270(R)|      SLOW  |         8.619(R)|      FAST  |XLXI_53/Rclick6   |   0.000|
            |        17.562(R)|      SLOW  |        10.023(R)|      FAST  |XLXI_53/Rclick7   |   0.000|
            |        15.837(R)|      SLOW  |         8.721(R)|      FAST  |XLXI_53/Rclick8   |   0.000|
Common1     |        15.517(R)|      SLOW  |         8.735(R)|      FAST  |XLXI_53/Gclick0   |   0.000|
            |        17.713(R)|      SLOW  |        10.474(R)|      FAST  |XLXI_53/Gclick1   |   0.000|
            |        15.547(R)|      SLOW  |         9.068(R)|      FAST  |XLXI_53/Gclick2   |   0.000|
            |        17.333(R)|      SLOW  |         9.560(R)|      FAST  |XLXI_53/Gclick3   |   0.000|
            |        16.623(R)|      SLOW  |         9.446(R)|      FAST  |XLXI_53/Gclick4   |   0.000|
            |        17.638(R)|      SLOW  |        10.024(R)|      FAST  |XLXI_53/Gclick5   |   0.000|
            |        16.445(R)|      SLOW  |         9.117(R)|      FAST  |XLXI_53/Gclick6   |   0.000|
            |        17.935(R)|      SLOW  |        10.380(R)|      FAST  |XLXI_53/Gclick7   |   0.000|
            |        16.226(R)|      SLOW  |         9.231(R)|      FAST  |XLXI_53/Gclick8   |   0.000|
            |        15.577(R)|      SLOW  |         8.801(R)|      FAST  |XLXI_53/Rclick0   |   0.000|
            |        17.729(R)|      SLOW  |        10.610(R)|      FAST  |XLXI_53/Rclick1   |   0.000|
            |        15.468(R)|      SLOW  |         8.957(R)|      FAST  |XLXI_53/Rclick2   |   0.000|
            |        16.806(R)|      SLOW  |         9.592(R)|      FAST  |XLXI_53/Rclick3   |   0.000|
            |        16.582(R)|      SLOW  |         9.562(R)|      FAST  |XLXI_53/Rclick4   |   0.000|
            |        17.571(R)|      SLOW  |        10.276(R)|      FAST  |XLXI_53/Rclick5   |   0.000|
            |        15.781(R)|      SLOW  |         8.903(R)|      FAST  |XLXI_53/Rclick6   |   0.000|
            |        18.073(R)|      SLOW  |        10.307(R)|      FAST  |XLXI_53/Rclick7   |   0.000|
            |        16.348(R)|      SLOW  |         9.005(R)|      FAST  |XLXI_53/Rclick8   |   0.000|
Common2     |        15.315(R)|      SLOW  |         8.566(R)|      FAST  |XLXI_53/Gclick0   |   0.000|
            |        17.511(R)|      SLOW  |        10.305(R)|      FAST  |XLXI_53/Gclick1   |   0.000|
            |        15.345(R)|      SLOW  |         8.899(R)|      FAST  |XLXI_53/Gclick2   |   0.000|
            |        17.131(R)|      SLOW  |         9.391(R)|      FAST  |XLXI_53/Gclick3   |   0.000|
            |        16.421(R)|      SLOW  |         9.277(R)|      FAST  |XLXI_53/Gclick4   |   0.000|
            |        17.436(R)|      SLOW  |         9.855(R)|      FAST  |XLXI_53/Gclick5   |   0.000|
            |        16.243(R)|      SLOW  |         8.948(R)|      FAST  |XLXI_53/Gclick6   |   0.000|
            |        17.733(R)|      SLOW  |        10.211(R)|      FAST  |XLXI_53/Gclick7   |   0.000|
            |        16.024(R)|      SLOW  |         9.062(R)|      FAST  |XLXI_53/Gclick8   |   0.000|
            |        15.375(R)|      SLOW  |         8.632(R)|      FAST  |XLXI_53/Rclick0   |   0.000|
            |        17.527(R)|      SLOW  |        10.441(R)|      FAST  |XLXI_53/Rclick1   |   0.000|
            |        15.266(R)|      SLOW  |         8.788(R)|      FAST  |XLXI_53/Rclick2   |   0.000|
            |        16.604(R)|      SLOW  |         9.423(R)|      FAST  |XLXI_53/Rclick3   |   0.000|
            |        16.380(R)|      SLOW  |         9.393(R)|      FAST  |XLXI_53/Rclick4   |   0.000|
            |        17.369(R)|      SLOW  |        10.107(R)|      FAST  |XLXI_53/Rclick5   |   0.000|
            |        15.579(R)|      SLOW  |         8.734(R)|      FAST  |XLXI_53/Rclick6   |   0.000|
            |        17.871(R)|      SLOW  |        10.138(R)|      FAST  |XLXI_53/Rclick7   |   0.000|
            |        16.146(R)|      SLOW  |         8.836(R)|      FAST  |XLXI_53/Rclick8   |   0.000|
Cseg        |        15.232(R)|      SLOW  |         8.591(R)|      FAST  |XLXI_53/Gclick0   |   0.000|
            |        17.428(R)|      SLOW  |        10.330(R)|      FAST  |XLXI_53/Gclick1   |   0.000|
            |        15.262(R)|      SLOW  |         8.924(R)|      FAST  |XLXI_53/Gclick2   |   0.000|
            |        17.048(R)|      SLOW  |         9.416(R)|      FAST  |XLXI_53/Gclick3   |   0.000|
            |        16.338(R)|      SLOW  |         9.302(R)|      FAST  |XLXI_53/Gclick4   |   0.000|
            |        17.353(R)|      SLOW  |         9.880(R)|      FAST  |XLXI_53/Gclick5   |   0.000|
            |        16.160(R)|      SLOW  |         8.973(R)|      FAST  |XLXI_53/Gclick6   |   0.000|
            |        17.650(R)|      SLOW  |        10.236(R)|      FAST  |XLXI_53/Gclick7   |   0.000|
            |        15.941(R)|      SLOW  |         9.087(R)|      FAST  |XLXI_53/Gclick8   |   0.000|
            |        15.020(R)|      SLOW  |         8.445(R)|      FAST  |XLXI_53/Rclick0   |   0.000|
            |        17.172(R)|      SLOW  |        10.254(R)|      FAST  |XLXI_53/Rclick1   |   0.000|
            |        14.911(R)|      SLOW  |         8.601(R)|      FAST  |XLXI_53/Rclick2   |   0.000|
            |        16.249(R)|      SLOW  |         9.236(R)|      FAST  |XLXI_53/Rclick3   |   0.000|
            |        16.025(R)|      SLOW  |         9.206(R)|      FAST  |XLXI_53/Rclick4   |   0.000|
            |        17.014(R)|      SLOW  |         9.920(R)|      FAST  |XLXI_53/Rclick5   |   0.000|
            |        15.224(R)|      SLOW  |         8.547(R)|      FAST  |XLXI_53/Rclick6   |   0.000|
            |        17.516(R)|      SLOW  |         9.951(R)|      FAST  |XLXI_53/Rclick7   |   0.000|
            |        15.791(R)|      SLOW  |         8.649(R)|      FAST  |XLXI_53/Rclick8   |   0.000|
Dseg        |        14.873(R)|      SLOW  |         8.354(R)|      FAST  |XLXI_53/Gclick0   |   0.000|
            |        17.069(R)|      SLOW  |        10.093(R)|      FAST  |XLXI_53/Gclick1   |   0.000|
            |        14.903(R)|      SLOW  |         8.687(R)|      FAST  |XLXI_53/Gclick2   |   0.000|
            |        16.689(R)|      SLOW  |         9.179(R)|      FAST  |XLXI_53/Gclick3   |   0.000|
            |        15.979(R)|      SLOW  |         9.065(R)|      FAST  |XLXI_53/Gclick4   |   0.000|
            |        16.994(R)|      SLOW  |         9.643(R)|      FAST  |XLXI_53/Gclick5   |   0.000|
            |        15.801(R)|      SLOW  |         8.736(R)|      FAST  |XLXI_53/Gclick6   |   0.000|
            |        17.291(R)|      SLOW  |         9.999(R)|      FAST  |XLXI_53/Gclick7   |   0.000|
            |        15.582(R)|      SLOW  |         8.850(R)|      FAST  |XLXI_53/Gclick8   |   0.000|
            |        14.779(R)|      SLOW  |         8.300(R)|      FAST  |XLXI_53/Rclick0   |   0.000|
            |        16.931(R)|      SLOW  |        10.109(R)|      FAST  |XLXI_53/Rclick1   |   0.000|
            |        14.670(R)|      SLOW  |         8.456(R)|      FAST  |XLXI_53/Rclick2   |   0.000|
            |        16.008(R)|      SLOW  |         9.091(R)|      FAST  |XLXI_53/Rclick3   |   0.000|
            |        15.784(R)|      SLOW  |         9.061(R)|      FAST  |XLXI_53/Rclick4   |   0.000|
            |        16.773(R)|      SLOW  |         9.775(R)|      FAST  |XLXI_53/Rclick5   |   0.000|
            |        14.983(R)|      SLOW  |         8.402(R)|      FAST  |XLXI_53/Rclick6   |   0.000|
            |        17.275(R)|      SLOW  |         9.806(R)|      FAST  |XLXI_53/Rclick7   |   0.000|
            |        15.550(R)|      SLOW  |         8.504(R)|      FAST  |XLXI_53/Rclick8   |   0.000|
Eseg        |        14.515(R)|      SLOW  |         8.103(R)|      FAST  |XLXI_53/Gclick0   |   0.000|
            |        16.711(R)|      SLOW  |         9.842(R)|      FAST  |XLXI_53/Gclick1   |   0.000|
            |        14.545(R)|      SLOW  |         8.436(R)|      FAST  |XLXI_53/Gclick2   |   0.000|
            |        16.331(R)|      SLOW  |         8.928(R)|      FAST  |XLXI_53/Gclick3   |   0.000|
            |        15.621(R)|      SLOW  |         8.814(R)|      FAST  |XLXI_53/Gclick4   |   0.000|
            |        16.636(R)|      SLOW  |         9.392(R)|      FAST  |XLXI_53/Gclick5   |   0.000|
            |        15.443(R)|      SLOW  |         8.485(R)|      FAST  |XLXI_53/Gclick6   |   0.000|
            |        16.933(R)|      SLOW  |         9.748(R)|      FAST  |XLXI_53/Gclick7   |   0.000|
            |        15.224(R)|      SLOW  |         8.599(R)|      FAST  |XLXI_53/Gclick8   |   0.000|
            |        14.571(R)|      SLOW  |         8.171(R)|      FAST  |XLXI_53/Rclick0   |   0.000|
            |        16.723(R)|      SLOW  |         9.980(R)|      FAST  |XLXI_53/Rclick1   |   0.000|
            |        14.462(R)|      SLOW  |         8.327(R)|      FAST  |XLXI_53/Rclick2   |   0.000|
            |        15.800(R)|      SLOW  |         8.962(R)|      FAST  |XLXI_53/Rclick3   |   0.000|
            |        15.576(R)|      SLOW  |         8.932(R)|      FAST  |XLXI_53/Rclick4   |   0.000|
            |        16.565(R)|      SLOW  |         9.646(R)|      FAST  |XLXI_53/Rclick5   |   0.000|
            |        14.775(R)|      SLOW  |         8.273(R)|      FAST  |XLXI_53/Rclick6   |   0.000|
            |        17.067(R)|      SLOW  |         9.677(R)|      FAST  |XLXI_53/Rclick7   |   0.000|
            |        15.342(R)|      SLOW  |         8.375(R)|      FAST  |XLXI_53/Rclick8   |   0.000|
G0          |        11.740(R)|      SLOW  |         6.902(R)|      FAST  |XLXI_53/Gclick0   |   0.000|
G1          |        13.369(R)|      SLOW  |         8.107(R)|      FAST  |XLXI_53/Gclick1   |   0.000|
G2          |        11.673(R)|      SLOW  |         6.826(R)|      FAST  |XLXI_53/Gclick2   |   0.000|
G3          |        12.371(R)|      SLOW  |         7.226(R)|      FAST  |XLXI_53/Gclick3   |   0.000|
G4          |        12.955(R)|      SLOW  |         7.618(R)|      FAST  |XLXI_53/Gclick4   |   0.000|
G5          |        12.833(R)|      SLOW  |         7.560(R)|      FAST  |XLXI_53/Gclick5   |   0.000|
G6          |        11.700(R)|      SLOW  |         6.842(R)|      FAST  |XLXI_53/Gclick6   |   0.000|
G7          |        12.452(R)|      SLOW  |         7.347(R)|      FAST  |XLXI_53/Gclick7   |   0.000|
G8          |        11.570(R)|      SLOW  |         6.766(R)|      FAST  |XLXI_53/Gclick8   |   0.000|
Gseg        |        13.003(R)|      SLOW  |         7.171(R)|      FAST  |XLXI_53/Gclick0   |   0.000|
            |        15.199(R)|      SLOW  |         8.910(R)|      FAST  |XLXI_53/Gclick1   |   0.000|
            |        13.033(R)|      SLOW  |         7.504(R)|      FAST  |XLXI_53/Gclick2   |   0.000|
            |        14.819(R)|      SLOW  |         7.996(R)|      FAST  |XLXI_53/Gclick3   |   0.000|
            |        14.109(R)|      SLOW  |         7.882(R)|      FAST  |XLXI_53/Gclick4   |   0.000|
            |        15.124(R)|      SLOW  |         8.460(R)|      FAST  |XLXI_53/Gclick5   |   0.000|
            |        13.931(R)|      SLOW  |         7.553(R)|      FAST  |XLXI_53/Gclick6   |   0.000|
            |        15.421(R)|      SLOW  |         8.816(R)|      FAST  |XLXI_53/Gclick7   |   0.000|
            |        13.712(R)|      SLOW  |         7.667(R)|      FAST  |XLXI_53/Gclick8   |   0.000|
            |        13.058(R)|      SLOW  |         7.238(R)|      FAST  |XLXI_53/Rclick0   |   0.000|
            |        15.210(R)|      SLOW  |         9.047(R)|      FAST  |XLXI_53/Rclick1   |   0.000|
            |        12.949(R)|      SLOW  |         7.394(R)|      FAST  |XLXI_53/Rclick2   |   0.000|
            |        14.287(R)|      SLOW  |         8.029(R)|      FAST  |XLXI_53/Rclick3   |   0.000|
            |        14.063(R)|      SLOW  |         7.999(R)|      FAST  |XLXI_53/Rclick4   |   0.000|
            |        15.052(R)|      SLOW  |         8.713(R)|      FAST  |XLXI_53/Rclick5   |   0.000|
            |        13.262(R)|      SLOW  |         7.340(R)|      FAST  |XLXI_53/Rclick6   |   0.000|
            |        15.554(R)|      SLOW  |         8.744(R)|      FAST  |XLXI_53/Rclick7   |   0.000|
            |        13.829(R)|      SLOW  |         7.442(R)|      FAST  |XLXI_53/Rclick8   |   0.000|
R0          |        11.733(R)|      SLOW  |         6.866(R)|      FAST  |XLXI_53/Rclick0   |   0.000|
R1          |        12.913(R)|      SLOW  |         7.738(R)|      FAST  |XLXI_53/Rclick1   |   0.000|
R2          |        11.811(R)|      SLOW  |         6.924(R)|      FAST  |XLXI_53/Rclick2   |   0.000|
R3          |        12.881(R)|      SLOW  |         7.654(R)|      FAST  |XLXI_53/Rclick3   |   0.000|
R4          |        11.777(R)|      SLOW  |         6.926(R)|      FAST  |XLXI_53/Rclick4   |   0.000|
R5          |        12.342(R)|      SLOW  |         7.278(R)|      FAST  |XLXI_53/Rclick5   |   0.000|
R6          |        11.942(R)|      SLOW  |         6.987(R)|      FAST  |XLXI_53/Rclick6   |   0.000|
R7          |        12.495(R)|      SLOW  |         7.288(R)|      FAST  |XLXI_53/Rclick7   |   0.000|
R8          |        11.949(R)|      SLOW  |         6.983(R)|      FAST  |XLXI_53/Rclick8   |   0.000|
ledGreenOB0 |        13.057(R)|      SLOW  |         7.272(R)|      FAST  |XLXI_53/Gclick0   |   0.000|
            |        15.253(R)|      SLOW  |         9.011(R)|      FAST  |XLXI_53/Gclick1   |   0.000|
            |        13.087(R)|      SLOW  |         7.605(R)|      FAST  |XLXI_53/Gclick2   |   0.000|
            |        14.873(R)|      SLOW  |         8.097(R)|      FAST  |XLXI_53/Gclick3   |   0.000|
            |        14.163(R)|      SLOW  |         7.983(R)|      FAST  |XLXI_53/Gclick4   |   0.000|
            |        15.178(R)|      SLOW  |         8.561(R)|      FAST  |XLXI_53/Gclick5   |   0.000|
            |        13.985(R)|      SLOW  |         7.654(R)|      FAST  |XLXI_53/Gclick6   |   0.000|
            |        15.475(R)|      SLOW  |         8.917(R)|      FAST  |XLXI_53/Gclick7   |   0.000|
            |        13.766(R)|      SLOW  |         7.768(R)|      FAST  |XLXI_53/Gclick8   |   0.000|
ledGreenOB1 |        13.057(R)|      SLOW  |         7.318(R)|      FAST  |XLXI_53/Gclick0   |   0.000|
            |        15.253(R)|      SLOW  |         9.057(R)|      FAST  |XLXI_53/Gclick1   |   0.000|
            |        13.087(R)|      SLOW  |         7.651(R)|      FAST  |XLXI_53/Gclick2   |   0.000|
            |        14.873(R)|      SLOW  |         8.143(R)|      FAST  |XLXI_53/Gclick3   |   0.000|
            |        14.163(R)|      SLOW  |         8.029(R)|      FAST  |XLXI_53/Gclick4   |   0.000|
            |        15.178(R)|      SLOW  |         8.607(R)|      FAST  |XLXI_53/Gclick5   |   0.000|
            |        13.985(R)|      SLOW  |         7.700(R)|      FAST  |XLXI_53/Gclick6   |   0.000|
            |        15.475(R)|      SLOW  |         8.963(R)|      FAST  |XLXI_53/Gclick7   |   0.000|
            |        13.766(R)|      SLOW  |         7.814(R)|      FAST  |XLXI_53/Gclick8   |   0.000|
ledGreenOB2 |        12.877(R)|      SLOW  |         7.211(R)|      FAST  |XLXI_53/Gclick0   |   0.000|
            |        15.073(R)|      SLOW  |         8.950(R)|      FAST  |XLXI_53/Gclick1   |   0.000|
            |        12.907(R)|      SLOW  |         7.544(R)|      FAST  |XLXI_53/Gclick2   |   0.000|
            |        14.693(R)|      SLOW  |         8.036(R)|      FAST  |XLXI_53/Gclick3   |   0.000|
            |        13.983(R)|      SLOW  |         7.922(R)|      FAST  |XLXI_53/Gclick4   |   0.000|
            |        14.998(R)|      SLOW  |         8.500(R)|      FAST  |XLXI_53/Gclick5   |   0.000|
            |        13.805(R)|      SLOW  |         7.593(R)|      FAST  |XLXI_53/Gclick6   |   0.000|
            |        15.295(R)|      SLOW  |         8.856(R)|      FAST  |XLXI_53/Gclick7   |   0.000|
            |        13.586(R)|      SLOW  |         7.707(R)|      FAST  |XLXI_53/Gclick8   |   0.000|
ledGreenOB3 |        13.241(R)|      SLOW  |         7.446(R)|      FAST  |XLXI_53/Gclick0   |   0.000|
            |        15.437(R)|      SLOW  |         9.185(R)|      FAST  |XLXI_53/Gclick1   |   0.000|
            |        13.271(R)|      SLOW  |         7.779(R)|      FAST  |XLXI_53/Gclick2   |   0.000|
            |        15.057(R)|      SLOW  |         8.271(R)|      FAST  |XLXI_53/Gclick3   |   0.000|
            |        14.347(R)|      SLOW  |         8.157(R)|      FAST  |XLXI_53/Gclick4   |   0.000|
            |        15.362(R)|      SLOW  |         8.735(R)|      FAST  |XLXI_53/Gclick5   |   0.000|
            |        14.169(R)|      SLOW  |         7.828(R)|      FAST  |XLXI_53/Gclick6   |   0.000|
            |        15.659(R)|      SLOW  |         9.091(R)|      FAST  |XLXI_53/Gclick7   |   0.000|
            |        13.950(R)|      SLOW  |         7.942(R)|      FAST  |XLXI_53/Gclick8   |   0.000|
ledGreenOB4 |        12.981(R)|      SLOW  |         7.249(R)|      FAST  |XLXI_53/Gclick0   |   0.000|
            |        15.177(R)|      SLOW  |         8.988(R)|      FAST  |XLXI_53/Gclick1   |   0.000|
            |        13.011(R)|      SLOW  |         7.582(R)|      FAST  |XLXI_53/Gclick2   |   0.000|
            |        14.797(R)|      SLOW  |         8.074(R)|      FAST  |XLXI_53/Gclick3   |   0.000|
            |        14.087(R)|      SLOW  |         7.960(R)|      FAST  |XLXI_53/Gclick4   |   0.000|
            |        15.102(R)|      SLOW  |         8.538(R)|      FAST  |XLXI_53/Gclick5   |   0.000|
            |        13.909(R)|      SLOW  |         7.631(R)|      FAST  |XLXI_53/Gclick6   |   0.000|
            |        15.399(R)|      SLOW  |         8.894(R)|      FAST  |XLXI_53/Gclick7   |   0.000|
            |        13.690(R)|      SLOW  |         7.745(R)|      FAST  |XLXI_53/Gclick8   |   0.000|
ledGreenOB5 |        13.116(R)|      SLOW  |         7.373(R)|      FAST  |XLXI_53/Gclick0   |   0.000|
            |        15.312(R)|      SLOW  |         9.112(R)|      FAST  |XLXI_53/Gclick1   |   0.000|
            |        13.146(R)|      SLOW  |         7.706(R)|      FAST  |XLXI_53/Gclick2   |   0.000|
            |        14.932(R)|      SLOW  |         8.198(R)|      FAST  |XLXI_53/Gclick3   |   0.000|
            |        14.222(R)|      SLOW  |         8.084(R)|      FAST  |XLXI_53/Gclick4   |   0.000|
            |        15.237(R)|      SLOW  |         8.662(R)|      FAST  |XLXI_53/Gclick5   |   0.000|
            |        14.044(R)|      SLOW  |         7.755(R)|      FAST  |XLXI_53/Gclick6   |   0.000|
            |        15.534(R)|      SLOW  |         9.018(R)|      FAST  |XLXI_53/Gclick7   |   0.000|
            |        13.825(R)|      SLOW  |         7.869(R)|      FAST  |XLXI_53/Gclick8   |   0.000|
ledGreenOB6 |        13.101(R)|      SLOW  |         7.311(R)|      FAST  |XLXI_53/Gclick0   |   0.000|
            |        15.297(R)|      SLOW  |         9.050(R)|      FAST  |XLXI_53/Gclick1   |   0.000|
            |        13.131(R)|      SLOW  |         7.644(R)|      FAST  |XLXI_53/Gclick2   |   0.000|
            |        14.917(R)|      SLOW  |         8.136(R)|      FAST  |XLXI_53/Gclick3   |   0.000|
            |        14.207(R)|      SLOW  |         8.022(R)|      FAST  |XLXI_53/Gclick4   |   0.000|
            |        15.222(R)|      SLOW  |         8.600(R)|      FAST  |XLXI_53/Gclick5   |   0.000|
            |        14.029(R)|      SLOW  |         7.693(R)|      FAST  |XLXI_53/Gclick6   |   0.000|
            |        15.519(R)|      SLOW  |         8.956(R)|      FAST  |XLXI_53/Gclick7   |   0.000|
            |        13.810(R)|      SLOW  |         7.807(R)|      FAST  |XLXI_53/Gclick8   |   0.000|
ledGreenOB7 |        13.287(R)|      SLOW  |         7.483(R)|      FAST  |XLXI_53/Gclick0   |   0.000|
            |        15.483(R)|      SLOW  |         9.222(R)|      FAST  |XLXI_53/Gclick1   |   0.000|
            |        13.317(R)|      SLOW  |         7.816(R)|      FAST  |XLXI_53/Gclick2   |   0.000|
            |        15.103(R)|      SLOW  |         8.308(R)|      FAST  |XLXI_53/Gclick3   |   0.000|
            |        14.393(R)|      SLOW  |         8.194(R)|      FAST  |XLXI_53/Gclick4   |   0.000|
            |        15.408(R)|      SLOW  |         8.772(R)|      FAST  |XLXI_53/Gclick5   |   0.000|
            |        14.215(R)|      SLOW  |         7.865(R)|      FAST  |XLXI_53/Gclick6   |   0.000|
            |        15.705(R)|      SLOW  |         9.128(R)|      FAST  |XLXI_53/Gclick7   |   0.000|
            |        13.996(R)|      SLOW  |         7.979(R)|      FAST  |XLXI_53/Gclick8   |   0.000|
ledRedOB0   |        14.656(R)|      SLOW  |         8.381(R)|      FAST  |XLXI_53/Rclick0   |   0.000|
            |        16.808(R)|      SLOW  |        10.190(R)|      FAST  |XLXI_53/Rclick1   |   0.000|
            |        14.547(R)|      SLOW  |         8.537(R)|      FAST  |XLXI_53/Rclick2   |   0.000|
            |        15.885(R)|      SLOW  |         9.172(R)|      FAST  |XLXI_53/Rclick3   |   0.000|
            |        15.661(R)|      SLOW  |         9.142(R)|      FAST  |XLXI_53/Rclick4   |   0.000|
            |        16.650(R)|      SLOW  |         9.856(R)|      FAST  |XLXI_53/Rclick5   |   0.000|
            |        14.860(R)|      SLOW  |         8.483(R)|      FAST  |XLXI_53/Rclick6   |   0.000|
            |        17.152(R)|      SLOW  |         9.887(R)|      FAST  |XLXI_53/Rclick7   |   0.000|
            |        15.427(R)|      SLOW  |         8.585(R)|      FAST  |XLXI_53/Rclick8   |   0.000|
ledRedOB1   |        14.688(R)|      SLOW  |         8.444(R)|      FAST  |XLXI_53/Rclick0   |   0.000|
            |        16.840(R)|      SLOW  |        10.253(R)|      FAST  |XLXI_53/Rclick1   |   0.000|
            |        14.579(R)|      SLOW  |         8.600(R)|      FAST  |XLXI_53/Rclick2   |   0.000|
            |        15.917(R)|      SLOW  |         9.235(R)|      FAST  |XLXI_53/Rclick3   |   0.000|
            |        15.693(R)|      SLOW  |         9.205(R)|      FAST  |XLXI_53/Rclick4   |   0.000|
            |        16.682(R)|      SLOW  |         9.919(R)|      FAST  |XLXI_53/Rclick5   |   0.000|
            |        14.892(R)|      SLOW  |         8.546(R)|      FAST  |XLXI_53/Rclick6   |   0.000|
            |        17.184(R)|      SLOW  |         9.950(R)|      FAST  |XLXI_53/Rclick7   |   0.000|
            |        15.459(R)|      SLOW  |         8.648(R)|      FAST  |XLXI_53/Rclick8   |   0.000|
ledRedOB2   |        14.645(R)|      SLOW  |         8.336(R)|      FAST  |XLXI_53/Rclick0   |   0.000|
            |        16.797(R)|      SLOW  |        10.145(R)|      FAST  |XLXI_53/Rclick1   |   0.000|
            |        14.536(R)|      SLOW  |         8.492(R)|      FAST  |XLXI_53/Rclick2   |   0.000|
            |        15.874(R)|      SLOW  |         9.127(R)|      FAST  |XLXI_53/Rclick3   |   0.000|
            |        15.650(R)|      SLOW  |         9.097(R)|      FAST  |XLXI_53/Rclick4   |   0.000|
            |        16.639(R)|      SLOW  |         9.811(R)|      FAST  |XLXI_53/Rclick5   |   0.000|
            |        14.849(R)|      SLOW  |         8.438(R)|      FAST  |XLXI_53/Rclick6   |   0.000|
            |        17.141(R)|      SLOW  |         9.842(R)|      FAST  |XLXI_53/Rclick7   |   0.000|
            |        15.416(R)|      SLOW  |         8.540(R)|      FAST  |XLXI_53/Rclick8   |   0.000|
ledRedOB3   |        15.060(R)|      SLOW  |         8.661(R)|      FAST  |XLXI_53/Rclick0   |   0.000|
            |        17.212(R)|      SLOW  |        10.470(R)|      FAST  |XLXI_53/Rclick1   |   0.000|
            |        14.951(R)|      SLOW  |         8.817(R)|      FAST  |XLXI_53/Rclick2   |   0.000|
            |        16.289(R)|      SLOW  |         9.452(R)|      FAST  |XLXI_53/Rclick3   |   0.000|
            |        16.065(R)|      SLOW  |         9.422(R)|      FAST  |XLXI_53/Rclick4   |   0.000|
            |        17.054(R)|      SLOW  |        10.136(R)|      FAST  |XLXI_53/Rclick5   |   0.000|
            |        15.264(R)|      SLOW  |         8.763(R)|      FAST  |XLXI_53/Rclick6   |   0.000|
            |        17.556(R)|      SLOW  |        10.167(R)|      FAST  |XLXI_53/Rclick7   |   0.000|
            |        15.831(R)|      SLOW  |         8.865(R)|      FAST  |XLXI_53/Rclick8   |   0.000|
ledRedOB4   |        14.921(R)|      SLOW  |         8.561(R)|      FAST  |XLXI_53/Rclick0   |   0.000|
            |        17.073(R)|      SLOW  |        10.370(R)|      FAST  |XLXI_53/Rclick1   |   0.000|
            |        14.812(R)|      SLOW  |         8.717(R)|      FAST  |XLXI_53/Rclick2   |   0.000|
            |        16.150(R)|      SLOW  |         9.352(R)|      FAST  |XLXI_53/Rclick3   |   0.000|
            |        15.926(R)|      SLOW  |         9.322(R)|      FAST  |XLXI_53/Rclick4   |   0.000|
            |        16.915(R)|      SLOW  |        10.036(R)|      FAST  |XLXI_53/Rclick5   |   0.000|
            |        15.125(R)|      SLOW  |         8.663(R)|      FAST  |XLXI_53/Rclick6   |   0.000|
            |        17.417(R)|      SLOW  |        10.067(R)|      FAST  |XLXI_53/Rclick7   |   0.000|
            |        15.692(R)|      SLOW  |         8.765(R)|      FAST  |XLXI_53/Rclick8   |   0.000|
ledRedOB5   |        15.732(R)|      SLOW  |         9.049(R)|      FAST  |XLXI_53/Rclick0   |   0.000|
            |        17.884(R)|      SLOW  |        10.858(R)|      FAST  |XLXI_53/Rclick1   |   0.000|
            |        15.623(R)|      SLOW  |         9.205(R)|      FAST  |XLXI_53/Rclick2   |   0.000|
            |        16.961(R)|      SLOW  |         9.840(R)|      FAST  |XLXI_53/Rclick3   |   0.000|
            |        16.737(R)|      SLOW  |         9.810(R)|      FAST  |XLXI_53/Rclick4   |   0.000|
            |        17.726(R)|      SLOW  |        10.524(R)|      FAST  |XLXI_53/Rclick5   |   0.000|
            |        15.936(R)|      SLOW  |         9.151(R)|      FAST  |XLXI_53/Rclick6   |   0.000|
            |        18.228(R)|      SLOW  |        10.555(R)|      FAST  |XLXI_53/Rclick7   |   0.000|
            |        16.503(R)|      SLOW  |         9.253(R)|      FAST  |XLXI_53/Rclick8   |   0.000|
ledRedOB6   |        15.741(R)|      SLOW  |         9.028(R)|      FAST  |XLXI_53/Rclick0   |   0.000|
            |        17.893(R)|      SLOW  |        10.837(R)|      FAST  |XLXI_53/Rclick1   |   0.000|
            |        15.632(R)|      SLOW  |         9.184(R)|      FAST  |XLXI_53/Rclick2   |   0.000|
            |        16.970(R)|      SLOW  |         9.819(R)|      FAST  |XLXI_53/Rclick3   |   0.000|
            |        16.746(R)|      SLOW  |         9.789(R)|      FAST  |XLXI_53/Rclick4   |   0.000|
            |        17.735(R)|      SLOW  |        10.503(R)|      FAST  |XLXI_53/Rclick5   |   0.000|
            |        15.945(R)|      SLOW  |         9.130(R)|      FAST  |XLXI_53/Rclick6   |   0.000|
            |        18.237(R)|      SLOW  |        10.534(R)|      FAST  |XLXI_53/Rclick7   |   0.000|
            |        16.512(R)|      SLOW  |         9.232(R)|      FAST  |XLXI_53/Rclick8   |   0.000|
ledRedOB7   |        16.367(R)|      SLOW  |         9.493(R)|      FAST  |XLXI_53/Rclick0   |   0.000|
            |        18.519(R)|      SLOW  |        11.302(R)|      FAST  |XLXI_53/Rclick1   |   0.000|
            |        16.258(R)|      SLOW  |         9.649(R)|      FAST  |XLXI_53/Rclick2   |   0.000|
            |        17.596(R)|      SLOW  |        10.284(R)|      FAST  |XLXI_53/Rclick3   |   0.000|
            |        17.372(R)|      SLOW  |        10.254(R)|      FAST  |XLXI_53/Rclick4   |   0.000|
            |        18.361(R)|      SLOW  |        10.968(R)|      FAST  |XLXI_53/Rclick5   |   0.000|
            |        16.571(R)|      SLOW  |         9.595(R)|      FAST  |XLXI_53/Rclick6   |   0.000|
            |        18.863(R)|      SLOW  |        10.999(R)|      FAST  |XLXI_53/Rclick7   |   0.000|
            |        17.138(R)|      SLOW  |         9.697(R)|      FAST  |XLXI_53/Rclick8   |   0.000|
redWin      |        12.612(R)|      SLOW  |         7.017(R)|      FAST  |XLXI_53/Rclick0   |   0.000|
            |        14.764(R)|      SLOW  |         8.826(R)|      FAST  |XLXI_53/Rclick1   |   0.000|
            |        12.503(R)|      SLOW  |         7.173(R)|      FAST  |XLXI_53/Rclick2   |   0.000|
            |        13.841(R)|      SLOW  |         7.808(R)|      FAST  |XLXI_53/Rclick3   |   0.000|
            |        13.617(R)|      SLOW  |         7.778(R)|      FAST  |XLXI_53/Rclick4   |   0.000|
            |        14.606(R)|      SLOW  |         8.492(R)|      FAST  |XLXI_53/Rclick5   |   0.000|
            |        12.816(R)|      SLOW  |         7.119(R)|      FAST  |XLXI_53/Rclick6   |   0.000|
            |        15.108(R)|      SLOW  |         8.523(R)|      FAST  |XLXI_53/Rclick7   |   0.000|
            |        13.383(R)|      SLOW  |         7.221(R)|      FAST  |XLXI_53/Rclick8   |   0.000|
------------+-----------------+------------+-----------------+------------+------------------+--------+

Clock s_swColor to Pad
------------+-----------------+------------+-----------------+------------+------------------+--------+
            |Max (slowest) clk|  Process   |Min (fastest) clk|  Process   |                  | Clock  |
Destination |  (edge) to PAD  |   Corner   |  (edge) to PAD  |   Corner   |Internal Clock(s) | Phase  |
------------+-----------------+------------+-----------------+------------+------------------+--------+
Aseg        |        15.993(R)|      SLOW  |         9.145(R)|      FAST  |XLXI_53/Gclick0   |   0.000|
            |        16.870(R)|      SLOW  |         9.903(R)|      FAST  |XLXI_53/Gclick1   |   0.000|
            |        15.926(R)|      SLOW  |         9.320(R)|      FAST  |XLXI_53/Gclick2   |   0.000|
            |        16.812(R)|      SLOW  |         9.285(R)|      FAST  |XLXI_53/Gclick3   |   0.000|
            |        17.034(R)|      SLOW  |         9.775(R)|      FAST  |XLXI_53/Gclick4   |   0.000|
            |        17.435(R)|      SLOW  |         9.963(R)|      FAST  |XLXI_53/Gclick5   |   0.000|
            |        17.177(R)|      SLOW  |         9.664(R)|      FAST  |XLXI_53/Gclick6   |   0.000|
            |        18.350(R)|      SLOW  |        10.698(R)|      FAST  |XLXI_53/Gclick7   |   0.000|
            |        16.615(R)|      SLOW  |         9.579(R)|      FAST  |XLXI_53/Gclick8   |   0.000|
            |        15.894(R)|      SLOW  |         8.969(R)|      FAST  |XLXI_53/Rclick0   |   0.000|
            |        16.477(R)|      SLOW  |         9.700(R)|      FAST  |XLXI_53/Rclick1   |   0.000|
            |        15.850(R)|      SLOW  |         9.253(R)|      FAST  |XLXI_53/Rclick2   |   0.000|
            |        17.213(R)|      SLOW  |         9.769(R)|      FAST  |XLXI_53/Rclick3   |   0.000|
            |        17.451(R)|      SLOW  |        10.153(R)|      FAST  |XLXI_53/Rclick4   |   0.000|
            |        18.182(R)|      SLOW  |        10.715(R)|      FAST  |XLXI_53/Rclick5   |   0.000|
            |        16.364(R)|      SLOW  |         9.293(R)|      FAST  |XLXI_53/Rclick6   |   0.000|
            |        18.462(R)|      SLOW  |        10.614(R)|      FAST  |XLXI_53/Rclick7   |   0.000|
            |        16.618(R)|      SLOW  |         9.193(R)|      FAST  |XLXI_53/Rclick8   |   0.000|
Bseg        |        16.031(R)|      SLOW  |         9.146(R)|      FAST  |XLXI_53/Gclick0   |   0.000|
            |        16.908(R)|      SLOW  |         9.904(R)|      FAST  |XLXI_53/Gclick1   |   0.000|
            |        15.964(R)|      SLOW  |         9.321(R)|      FAST  |XLXI_53/Gclick2   |   0.000|
            |        16.850(R)|      SLOW  |         9.286(R)|      FAST  |XLXI_53/Gclick3   |   0.000|
            |        17.072(R)|      SLOW  |         9.776(R)|      FAST  |XLXI_53/Gclick4   |   0.000|
            |        17.473(R)|      SLOW  |         9.964(R)|      FAST  |XLXI_53/Gclick5   |   0.000|
            |        17.215(R)|      SLOW  |         9.665(R)|      FAST  |XLXI_53/Gclick6   |   0.000|
            |        18.388(R)|      SLOW  |        10.699(R)|      FAST  |XLXI_53/Gclick7   |   0.000|
            |        16.653(R)|      SLOW  |         9.580(R)|      FAST  |XLXI_53/Gclick8   |   0.000|
            |        15.976(R)|      SLOW  |         9.068(R)|      FAST  |XLXI_53/Rclick0   |   0.000|
            |        16.559(R)|      SLOW  |         9.799(R)|      FAST  |XLXI_53/Rclick1   |   0.000|
            |        15.932(R)|      SLOW  |         9.352(R)|      FAST  |XLXI_53/Rclick2   |   0.000|
            |        17.295(R)|      SLOW  |         9.868(R)|      FAST  |XLXI_53/Rclick3   |   0.000|
            |        17.533(R)|      SLOW  |        10.252(R)|      FAST  |XLXI_53/Rclick4   |   0.000|
            |        18.264(R)|      SLOW  |        10.814(R)|      FAST  |XLXI_53/Rclick5   |   0.000|
            |        16.446(R)|      SLOW  |         9.392(R)|      FAST  |XLXI_53/Rclick6   |   0.000|
            |        18.544(R)|      SLOW  |        10.713(R)|      FAST  |XLXI_53/Rclick7   |   0.000|
            |        16.700(R)|      SLOW  |         9.292(R)|      FAST  |XLXI_53/Rclick8   |   0.000|
Common1     |        16.487(R)|      SLOW  |         9.426(R)|      FAST  |XLXI_53/Gclick0   |   0.000|
            |        17.364(R)|      SLOW  |        10.184(R)|      FAST  |XLXI_53/Gclick1   |   0.000|
            |        16.420(R)|      SLOW  |         9.601(R)|      FAST  |XLXI_53/Gclick2   |   0.000|
            |        17.306(R)|      SLOW  |         9.566(R)|      FAST  |XLXI_53/Gclick3   |   0.000|
            |        17.528(R)|      SLOW  |        10.056(R)|      FAST  |XLXI_53/Gclick4   |   0.000|
            |        17.929(R)|      SLOW  |        10.244(R)|      FAST  |XLXI_53/Gclick5   |   0.000|
            |        17.671(R)|      SLOW  |         9.945(R)|      FAST  |XLXI_53/Gclick6   |   0.000|
            |        18.844(R)|      SLOW  |        10.979(R)|      FAST  |XLXI_53/Gclick7   |   0.000|
            |        17.109(R)|      SLOW  |         9.860(R)|      FAST  |XLXI_53/Gclick8   |   0.000|
            |        16.487(R)|      SLOW  |         9.352(R)|      FAST  |XLXI_53/Rclick0   |   0.000|
            |        17.070(R)|      SLOW  |        10.083(R)|      FAST  |XLXI_53/Rclick1   |   0.000|
            |        16.443(R)|      SLOW  |         9.636(R)|      FAST  |XLXI_53/Rclick2   |   0.000|
            |        17.806(R)|      SLOW  |        10.152(R)|      FAST  |XLXI_53/Rclick3   |   0.000|
            |        18.044(R)|      SLOW  |        10.536(R)|      FAST  |XLXI_53/Rclick4   |   0.000|
            |        18.775(R)|      SLOW  |        11.098(R)|      FAST  |XLXI_53/Rclick5   |   0.000|
            |        16.957(R)|      SLOW  |         9.676(R)|      FAST  |XLXI_53/Rclick6   |   0.000|
            |        19.055(R)|      SLOW  |        10.997(R)|      FAST  |XLXI_53/Rclick7   |   0.000|
            |        17.211(R)|      SLOW  |         9.576(R)|      FAST  |XLXI_53/Rclick8   |   0.000|
Common2     |        16.285(R)|      SLOW  |         9.257(R)|      FAST  |XLXI_53/Gclick0   |   0.000|
            |        17.162(R)|      SLOW  |        10.015(R)|      FAST  |XLXI_53/Gclick1   |   0.000|
            |        16.218(R)|      SLOW  |         9.432(R)|      FAST  |XLXI_53/Gclick2   |   0.000|
            |        17.104(R)|      SLOW  |         9.397(R)|      FAST  |XLXI_53/Gclick3   |   0.000|
            |        17.326(R)|      SLOW  |         9.887(R)|      FAST  |XLXI_53/Gclick4   |   0.000|
            |        17.727(R)|      SLOW  |        10.075(R)|      FAST  |XLXI_53/Gclick5   |   0.000|
            |        17.469(R)|      SLOW  |         9.776(R)|      FAST  |XLXI_53/Gclick6   |   0.000|
            |        18.642(R)|      SLOW  |        10.810(R)|      FAST  |XLXI_53/Gclick7   |   0.000|
            |        16.907(R)|      SLOW  |         9.691(R)|      FAST  |XLXI_53/Gclick8   |   0.000|
            |        16.285(R)|      SLOW  |         9.183(R)|      FAST  |XLXI_53/Rclick0   |   0.000|
            |        16.868(R)|      SLOW  |         9.914(R)|      FAST  |XLXI_53/Rclick1   |   0.000|
            |        16.241(R)|      SLOW  |         9.467(R)|      FAST  |XLXI_53/Rclick2   |   0.000|
            |        17.604(R)|      SLOW  |         9.983(R)|      FAST  |XLXI_53/Rclick3   |   0.000|
            |        17.842(R)|      SLOW  |        10.367(R)|      FAST  |XLXI_53/Rclick4   |   0.000|
            |        18.573(R)|      SLOW  |        10.929(R)|      FAST  |XLXI_53/Rclick5   |   0.000|
            |        16.755(R)|      SLOW  |         9.507(R)|      FAST  |XLXI_53/Rclick6   |   0.000|
            |        18.853(R)|      SLOW  |        10.828(R)|      FAST  |XLXI_53/Rclick7   |   0.000|
            |        17.009(R)|      SLOW  |         9.407(R)|      FAST  |XLXI_53/Rclick8   |   0.000|
Cseg        |        16.202(R)|      SLOW  |         9.282(R)|      FAST  |XLXI_53/Gclick0   |   0.000|
            |        17.079(R)|      SLOW  |        10.040(R)|      FAST  |XLXI_53/Gclick1   |   0.000|
            |        16.135(R)|      SLOW  |         9.457(R)|      FAST  |XLXI_53/Gclick2   |   0.000|
            |        17.021(R)|      SLOW  |         9.422(R)|      FAST  |XLXI_53/Gclick3   |   0.000|
            |        17.243(R)|      SLOW  |         9.912(R)|      FAST  |XLXI_53/Gclick4   |   0.000|
            |        17.644(R)|      SLOW  |        10.100(R)|      FAST  |XLXI_53/Gclick5   |   0.000|
            |        17.386(R)|      SLOW  |         9.801(R)|      FAST  |XLXI_53/Gclick6   |   0.000|
            |        18.559(R)|      SLOW  |        10.835(R)|      FAST  |XLXI_53/Gclick7   |   0.000|
            |        16.824(R)|      SLOW  |         9.716(R)|      FAST  |XLXI_53/Gclick8   |   0.000|
            |        15.930(R)|      SLOW  |         8.996(R)|      FAST  |XLXI_53/Rclick0   |   0.000|
            |        16.513(R)|      SLOW  |         9.727(R)|      FAST  |XLXI_53/Rclick1   |   0.000|
            |        15.886(R)|      SLOW  |         9.280(R)|      FAST  |XLXI_53/Rclick2   |   0.000|
            |        17.249(R)|      SLOW  |         9.796(R)|      FAST  |XLXI_53/Rclick3   |   0.000|
            |        17.487(R)|      SLOW  |        10.180(R)|      FAST  |XLXI_53/Rclick4   |   0.000|
            |        18.218(R)|      SLOW  |        10.742(R)|      FAST  |XLXI_53/Rclick5   |   0.000|
            |        16.400(R)|      SLOW  |         9.320(R)|      FAST  |XLXI_53/Rclick6   |   0.000|
            |        18.498(R)|      SLOW  |        10.641(R)|      FAST  |XLXI_53/Rclick7   |   0.000|
            |        16.654(R)|      SLOW  |         9.220(R)|      FAST  |XLXI_53/Rclick8   |   0.000|
Dseg        |        15.843(R)|      SLOW  |         9.045(R)|      FAST  |XLXI_53/Gclick0   |   0.000|
            |        16.720(R)|      SLOW  |         9.803(R)|      FAST  |XLXI_53/Gclick1   |   0.000|
            |        15.776(R)|      SLOW  |         9.220(R)|      FAST  |XLXI_53/Gclick2   |   0.000|
            |        16.662(R)|      SLOW  |         9.185(R)|      FAST  |XLXI_53/Gclick3   |   0.000|
            |        16.884(R)|      SLOW  |         9.675(R)|      FAST  |XLXI_53/Gclick4   |   0.000|
            |        17.285(R)|      SLOW  |         9.863(R)|      FAST  |XLXI_53/Gclick5   |   0.000|
            |        17.027(R)|      SLOW  |         9.564(R)|      FAST  |XLXI_53/Gclick6   |   0.000|
            |        18.200(R)|      SLOW  |        10.598(R)|      FAST  |XLXI_53/Gclick7   |   0.000|
            |        16.465(R)|      SLOW  |         9.479(R)|      FAST  |XLXI_53/Gclick8   |   0.000|
            |        15.689(R)|      SLOW  |         8.851(R)|      FAST  |XLXI_53/Rclick0   |   0.000|
            |        16.272(R)|      SLOW  |         9.582(R)|      FAST  |XLXI_53/Rclick1   |   0.000|
            |        15.645(R)|      SLOW  |         9.135(R)|      FAST  |XLXI_53/Rclick2   |   0.000|
            |        17.008(R)|      SLOW  |         9.651(R)|      FAST  |XLXI_53/Rclick3   |   0.000|
            |        17.246(R)|      SLOW  |        10.035(R)|      FAST  |XLXI_53/Rclick4   |   0.000|
            |        17.977(R)|      SLOW  |        10.597(R)|      FAST  |XLXI_53/Rclick5   |   0.000|
            |        16.159(R)|      SLOW  |         9.175(R)|      FAST  |XLXI_53/Rclick6   |   0.000|
            |        18.257(R)|      SLOW  |        10.496(R)|      FAST  |XLXI_53/Rclick7   |   0.000|
            |        16.413(R)|      SLOW  |         9.075(R)|      FAST  |XLXI_53/Rclick8   |   0.000|
Eseg        |        15.485(R)|      SLOW  |         8.794(R)|      FAST  |XLXI_53/Gclick0   |   0.000|
            |        16.362(R)|      SLOW  |         9.552(R)|      FAST  |XLXI_53/Gclick1   |   0.000|
            |        15.418(R)|      SLOW  |         8.969(R)|      FAST  |XLXI_53/Gclick2   |   0.000|
            |        16.304(R)|      SLOW  |         8.934(R)|      FAST  |XLXI_53/Gclick3   |   0.000|
            |        16.526(R)|      SLOW  |         9.424(R)|      FAST  |XLXI_53/Gclick4   |   0.000|
            |        16.927(R)|      SLOW  |         9.612(R)|      FAST  |XLXI_53/Gclick5   |   0.000|
            |        16.669(R)|      SLOW  |         9.313(R)|      FAST  |XLXI_53/Gclick6   |   0.000|
            |        17.842(R)|      SLOW  |        10.347(R)|      FAST  |XLXI_53/Gclick7   |   0.000|
            |        16.107(R)|      SLOW  |         9.228(R)|      FAST  |XLXI_53/Gclick8   |   0.000|
            |        15.481(R)|      SLOW  |         8.722(R)|      FAST  |XLXI_53/Rclick0   |   0.000|
            |        16.064(R)|      SLOW  |         9.453(R)|      FAST  |XLXI_53/Rclick1   |   0.000|
            |        15.437(R)|      SLOW  |         9.006(R)|      FAST  |XLXI_53/Rclick2   |   0.000|
            |        16.800(R)|      SLOW  |         9.522(R)|      FAST  |XLXI_53/Rclick3   |   0.000|
            |        17.038(R)|      SLOW  |         9.906(R)|      FAST  |XLXI_53/Rclick4   |   0.000|
            |        17.769(R)|      SLOW  |        10.468(R)|      FAST  |XLXI_53/Rclick5   |   0.000|
            |        15.951(R)|      SLOW  |         9.046(R)|      FAST  |XLXI_53/Rclick6   |   0.000|
            |        18.049(R)|      SLOW  |        10.367(R)|      FAST  |XLXI_53/Rclick7   |   0.000|
            |        16.205(R)|      SLOW  |         8.946(R)|      FAST  |XLXI_53/Rclick8   |   0.000|
G0          |        12.710(R)|      SLOW  |         7.593(R)|      FAST  |XLXI_53/Gclick0   |   0.000|
G1          |        13.020(R)|      SLOW  |         7.817(R)|      FAST  |XLXI_53/Gclick1   |   0.000|
G2          |        12.546(R)|      SLOW  |         7.359(R)|      FAST  |XLXI_53/Gclick2   |   0.000|
G3          |        12.344(R)|      SLOW  |         7.232(R)|      FAST  |XLXI_53/Gclick3   |   0.000|
G4          |        13.860(R)|      SLOW  |         8.228(R)|      FAST  |XLXI_53/Gclick4   |   0.000|
G5          |        13.124(R)|      SLOW  |         7.780(R)|      FAST  |XLXI_53/Gclick5   |   0.000|
G6          |        12.926(R)|      SLOW  |         7.670(R)|      FAST  |XLXI_53/Gclick6   |   0.000|
G7          |        13.361(R)|      SLOW  |         7.946(R)|      FAST  |XLXI_53/Gclick7   |   0.000|
G8          |        12.453(R)|      SLOW  |         7.395(R)|      FAST  |XLXI_53/Gclick8   |   0.000|
Gseg        |        13.973(R)|      SLOW  |         7.862(R)|      FAST  |XLXI_53/Gclick0   |   0.000|
            |        14.850(R)|      SLOW  |         8.620(R)|      FAST  |XLXI_53/Gclick1   |   0.000|
            |        13.906(R)|      SLOW  |         8.037(R)|      FAST  |XLXI_53/Gclick2   |   0.000|
            |        14.792(R)|      SLOW  |         8.002(R)|      FAST  |XLXI_53/Gclick3   |   0.000|
            |        15.014(R)|      SLOW  |         8.492(R)|      FAST  |XLXI_53/Gclick4   |   0.000|
            |        15.415(R)|      SLOW  |         8.680(R)|      FAST  |XLXI_53/Gclick5   |   0.000|
            |        15.157(R)|      SLOW  |         8.381(R)|      FAST  |XLXI_53/Gclick6   |   0.000|
            |        16.330(R)|      SLOW  |         9.415(R)|      FAST  |XLXI_53/Gclick7   |   0.000|
            |        14.595(R)|      SLOW  |         8.296(R)|      FAST  |XLXI_53/Gclick8   |   0.000|
            |        13.968(R)|      SLOW  |         7.789(R)|      FAST  |XLXI_53/Rclick0   |   0.000|
            |        14.551(R)|      SLOW  |         8.520(R)|      FAST  |XLXI_53/Rclick1   |   0.000|
            |        13.924(R)|      SLOW  |         8.073(R)|      FAST  |XLXI_53/Rclick2   |   0.000|
            |        15.287(R)|      SLOW  |         8.589(R)|      FAST  |XLXI_53/Rclick3   |   0.000|
            |        15.525(R)|      SLOW  |         8.973(R)|      FAST  |XLXI_53/Rclick4   |   0.000|
            |        16.256(R)|      SLOW  |         9.535(R)|      FAST  |XLXI_53/Rclick5   |   0.000|
            |        14.438(R)|      SLOW  |         8.113(R)|      FAST  |XLXI_53/Rclick6   |   0.000|
            |        16.536(R)|      SLOW  |         9.434(R)|      FAST  |XLXI_53/Rclick7   |   0.000|
            |        14.692(R)|      SLOW  |         8.013(R)|      FAST  |XLXI_53/Rclick8   |   0.000|
R0          |        12.643(R)|      SLOW  |         7.417(R)|      FAST  |XLXI_53/Rclick0   |   0.000|
R1          |        12.254(R)|      SLOW  |         7.211(R)|      FAST  |XLXI_53/Rclick1   |   0.000|
R2          |        12.786(R)|      SLOW  |         7.603(R)|      FAST  |XLXI_53/Rclick2   |   0.000|
R3          |        13.881(R)|      SLOW  |         8.214(R)|      FAST  |XLXI_53/Rclick3   |   0.000|
R4          |        13.239(R)|      SLOW  |         7.900(R)|      FAST  |XLXI_53/Rclick4   |   0.000|
R5          |        13.546(R)|      SLOW  |         8.100(R)|      FAST  |XLXI_53/Rclick5   |   0.000|
R6          |        13.118(R)|      SLOW  |         7.760(R)|      FAST  |XLXI_53/Rclick6   |   0.000|
R7          |        13.477(R)|      SLOW  |         7.978(R)|      FAST  |XLXI_53/Rclick7   |   0.000|
R8          |        12.812(R)|      SLOW  |         7.554(R)|      FAST  |XLXI_53/Rclick8   |   0.000|
ledGreenOB0 |        14.027(R)|      SLOW  |         7.963(R)|      FAST  |XLXI_53/Gclick0   |   0.000|
            |        14.904(R)|      SLOW  |         8.721(R)|      FAST  |XLXI_53/Gclick1   |   0.000|
            |        13.960(R)|      SLOW  |         8.138(R)|      FAST  |XLXI_53/Gclick2   |   0.000|
            |        14.846(R)|      SLOW  |         8.103(R)|      FAST  |XLXI_53/Gclick3   |   0.000|
            |        15.068(R)|      SLOW  |         8.593(R)|      FAST  |XLXI_53/Gclick4   |   0.000|
            |        15.469(R)|      SLOW  |         8.781(R)|      FAST  |XLXI_53/Gclick5   |   0.000|
            |        15.211(R)|      SLOW  |         8.482(R)|      FAST  |XLXI_53/Gclick6   |   0.000|
            |        16.384(R)|      SLOW  |         9.516(R)|      FAST  |XLXI_53/Gclick7   |   0.000|
            |        14.649(R)|      SLOW  |         8.397(R)|      FAST  |XLXI_53/Gclick8   |   0.000|
ledGreenOB1 |        14.027(R)|      SLOW  |         8.009(R)|      FAST  |XLXI_53/Gclick0   |   0.000|
            |        14.904(R)|      SLOW  |         8.767(R)|      FAST  |XLXI_53/Gclick1   |   0.000|
            |        13.960(R)|      SLOW  |         8.184(R)|      FAST  |XLXI_53/Gclick2   |   0.000|
            |        14.846(R)|      SLOW  |         8.149(R)|      FAST  |XLXI_53/Gclick3   |   0.000|
            |        15.068(R)|      SLOW  |         8.639(R)|      FAST  |XLXI_53/Gclick4   |   0.000|
            |        15.469(R)|      SLOW  |         8.827(R)|      FAST  |XLXI_53/Gclick5   |   0.000|
            |        15.211(R)|      SLOW  |         8.528(R)|      FAST  |XLXI_53/Gclick6   |   0.000|
            |        16.384(R)|      SLOW  |         9.562(R)|      FAST  |XLXI_53/Gclick7   |   0.000|
            |        14.649(R)|      SLOW  |         8.443(R)|      FAST  |XLXI_53/Gclick8   |   0.000|
ledGreenOB2 |        13.847(R)|      SLOW  |         7.902(R)|      FAST  |XLXI_53/Gclick0   |   0.000|
            |        14.724(R)|      SLOW  |         8.660(R)|      FAST  |XLXI_53/Gclick1   |   0.000|
            |        13.780(R)|      SLOW  |         8.077(R)|      FAST  |XLXI_53/Gclick2   |   0.000|
            |        14.666(R)|      SLOW  |         8.042(R)|      FAST  |XLXI_53/Gclick3   |   0.000|
            |        14.888(R)|      SLOW  |         8.532(R)|      FAST  |XLXI_53/Gclick4   |   0.000|
            |        15.289(R)|      SLOW  |         8.720(R)|      FAST  |XLXI_53/Gclick5   |   0.000|
            |        15.031(R)|      SLOW  |         8.421(R)|      FAST  |XLXI_53/Gclick6   |   0.000|
            |        16.204(R)|      SLOW  |         9.455(R)|      FAST  |XLXI_53/Gclick7   |   0.000|
            |        14.469(R)|      SLOW  |         8.336(R)|      FAST  |XLXI_53/Gclick8   |   0.000|
ledGreenOB3 |        14.211(R)|      SLOW  |         8.137(R)|      FAST  |XLXI_53/Gclick0   |   0.000|
            |        15.088(R)|      SLOW  |         8.895(R)|      FAST  |XLXI_53/Gclick1   |   0.000|
            |        14.144(R)|      SLOW  |         8.312(R)|      FAST  |XLXI_53/Gclick2   |   0.000|
            |        15.030(R)|      SLOW  |         8.277(R)|      FAST  |XLXI_53/Gclick3   |   0.000|
            |        15.252(R)|      SLOW  |         8.767(R)|      FAST  |XLXI_53/Gclick4   |   0.000|
            |        15.653(R)|      SLOW  |         8.955(R)|      FAST  |XLXI_53/Gclick5   |   0.000|
            |        15.395(R)|      SLOW  |         8.656(R)|      FAST  |XLXI_53/Gclick6   |   0.000|
            |        16.568(R)|      SLOW  |         9.690(R)|      FAST  |XLXI_53/Gclick7   |   0.000|
            |        14.833(R)|      SLOW  |         8.571(R)|      FAST  |XLXI_53/Gclick8   |   0.000|
ledGreenOB4 |        13.951(R)|      SLOW  |         7.940(R)|      FAST  |XLXI_53/Gclick0   |   0.000|
            |        14.828(R)|      SLOW  |         8.698(R)|      FAST  |XLXI_53/Gclick1   |   0.000|
            |        13.884(R)|      SLOW  |         8.115(R)|      FAST  |XLXI_53/Gclick2   |   0.000|
            |        14.770(R)|      SLOW  |         8.080(R)|      FAST  |XLXI_53/Gclick3   |   0.000|
            |        14.992(R)|      SLOW  |         8.570(R)|      FAST  |XLXI_53/Gclick4   |   0.000|
            |        15.393(R)|      SLOW  |         8.758(R)|      FAST  |XLXI_53/Gclick5   |   0.000|
            |        15.135(R)|      SLOW  |         8.459(R)|      FAST  |XLXI_53/Gclick6   |   0.000|
            |        16.308(R)|      SLOW  |         9.493(R)|      FAST  |XLXI_53/Gclick7   |   0.000|
            |        14.573(R)|      SLOW  |         8.374(R)|      FAST  |XLXI_53/Gclick8   |   0.000|
ledGreenOB5 |        14.086(R)|      SLOW  |         8.064(R)|      FAST  |XLXI_53/Gclick0   |   0.000|
            |        14.963(R)|      SLOW  |         8.822(R)|      FAST  |XLXI_53/Gclick1   |   0.000|
            |        14.019(R)|      SLOW  |         8.239(R)|      FAST  |XLXI_53/Gclick2   |   0.000|
            |        14.905(R)|      SLOW  |         8.204(R)|      FAST  |XLXI_53/Gclick3   |   0.000|
            |        15.127(R)|      SLOW  |         8.694(R)|      FAST  |XLXI_53/Gclick4   |   0.000|
            |        15.528(R)|      SLOW  |         8.882(R)|      FAST  |XLXI_53/Gclick5   |   0.000|
            |        15.270(R)|      SLOW  |         8.583(R)|      FAST  |XLXI_53/Gclick6   |   0.000|
            |        16.443(R)|      SLOW  |         9.617(R)|      FAST  |XLXI_53/Gclick7   |   0.000|
            |        14.708(R)|      SLOW  |         8.498(R)|      FAST  |XLXI_53/Gclick8   |   0.000|
ledGreenOB6 |        14.071(R)|      SLOW  |         8.002(R)|      FAST  |XLXI_53/Gclick0   |   0.000|
            |        14.948(R)|      SLOW  |         8.760(R)|      FAST  |XLXI_53/Gclick1   |   0.000|
            |        14.004(R)|      SLOW  |         8.177(R)|      FAST  |XLXI_53/Gclick2   |   0.000|
            |        14.890(R)|      SLOW  |         8.142(R)|      FAST  |XLXI_53/Gclick3   |   0.000|
            |        15.112(R)|      SLOW  |         8.632(R)|      FAST  |XLXI_53/Gclick4   |   0.000|
            |        15.513(R)|      SLOW  |         8.820(R)|      FAST  |XLXI_53/Gclick5   |   0.000|
            |        15.255(R)|      SLOW  |         8.521(R)|      FAST  |XLXI_53/Gclick6   |   0.000|
            |        16.428(R)|      SLOW  |         9.555(R)|      FAST  |XLXI_53/Gclick7   |   0.000|
            |        14.693(R)|      SLOW  |         8.436(R)|      FAST  |XLXI_53/Gclick8   |   0.000|
ledGreenOB7 |        14.257(R)|      SLOW  |         8.174(R)|      FAST  |XLXI_53/Gclick0   |   0.000|
            |        15.134(R)|      SLOW  |         8.932(R)|      FAST  |XLXI_53/Gclick1   |   0.000|
            |        14.190(R)|      SLOW  |         8.349(R)|      FAST  |XLXI_53/Gclick2   |   0.000|
            |        15.076(R)|      SLOW  |         8.314(R)|      FAST  |XLXI_53/Gclick3   |   0.000|
            |        15.298(R)|      SLOW  |         8.804(R)|      FAST  |XLXI_53/Gclick4   |   0.000|
            |        15.699(R)|      SLOW  |         8.992(R)|      FAST  |XLXI_53/Gclick5   |   0.000|
            |        15.441(R)|      SLOW  |         8.693(R)|      FAST  |XLXI_53/Gclick6   |   0.000|
            |        16.614(R)|      SLOW  |         9.727(R)|      FAST  |XLXI_53/Gclick7   |   0.000|
            |        14.879(R)|      SLOW  |         8.608(R)|      FAST  |XLXI_53/Gclick8   |   0.000|
ledRedOB0   |        15.566(R)|      SLOW  |         8.932(R)|      FAST  |XLXI_53/Rclick0   |   0.000|
            |        16.149(R)|      SLOW  |         9.663(R)|      FAST  |XLXI_53/Rclick1   |   0.000|
            |        15.522(R)|      SLOW  |         9.216(R)|      FAST  |XLXI_53/Rclick2   |   0.000|
            |        16.885(R)|      SLOW  |         9.732(R)|      FAST  |XLXI_53/Rclick3   |   0.000|
            |        17.123(R)|      SLOW  |        10.116(R)|      FAST  |XLXI_53/Rclick4   |   0.000|
            |        17.854(R)|      SLOW  |        10.678(R)|      FAST  |XLXI_53/Rclick5   |   0.000|
            |        16.036(R)|      SLOW  |         9.256(R)|      FAST  |XLXI_53/Rclick6   |   0.000|
            |        18.134(R)|      SLOW  |        10.577(R)|      FAST  |XLXI_53/Rclick7   |   0.000|
            |        16.290(R)|      SLOW  |         9.156(R)|      FAST  |XLXI_53/Rclick8   |   0.000|
ledRedOB1   |        15.598(R)|      SLOW  |         8.995(R)|      FAST  |XLXI_53/Rclick0   |   0.000|
            |        16.181(R)|      SLOW  |         9.726(R)|      FAST  |XLXI_53/Rclick1   |   0.000|
            |        15.554(R)|      SLOW  |         9.279(R)|      FAST  |XLXI_53/Rclick2   |   0.000|
            |        16.917(R)|      SLOW  |         9.795(R)|      FAST  |XLXI_53/Rclick3   |   0.000|
            |        17.155(R)|      SLOW  |        10.179(R)|      FAST  |XLXI_53/Rclick4   |   0.000|
            |        17.886(R)|      SLOW  |        10.741(R)|      FAST  |XLXI_53/Rclick5   |   0.000|
            |        16.068(R)|      SLOW  |         9.319(R)|      FAST  |XLXI_53/Rclick6   |   0.000|
            |        18.166(R)|      SLOW  |        10.640(R)|      FAST  |XLXI_53/Rclick7   |   0.000|
            |        16.322(R)|      SLOW  |         9.219(R)|      FAST  |XLXI_53/Rclick8   |   0.000|
ledRedOB2   |        15.555(R)|      SLOW  |         8.887(R)|      FAST  |XLXI_53/Rclick0   |   0.000|
            |        16.138(R)|      SLOW  |         9.618(R)|      FAST  |XLXI_53/Rclick1   |   0.000|
            |        15.511(R)|      SLOW  |         9.171(R)|      FAST  |XLXI_53/Rclick2   |   0.000|
            |        16.874(R)|      SLOW  |         9.687(R)|      FAST  |XLXI_53/Rclick3   |   0.000|
            |        17.112(R)|      SLOW  |        10.071(R)|      FAST  |XLXI_53/Rclick4   |   0.000|
            |        17.843(R)|      SLOW  |        10.633(R)|      FAST  |XLXI_53/Rclick5   |   0.000|
            |        16.025(R)|      SLOW  |         9.211(R)|      FAST  |XLXI_53/Rclick6   |   0.000|
            |        18.123(R)|      SLOW  |        10.532(R)|      FAST  |XLXI_53/Rclick7   |   0.000|
            |        16.279(R)|      SLOW  |         9.111(R)|      FAST  |XLXI_53/Rclick8   |   0.000|
ledRedOB3   |        15.970(R)|      SLOW  |         9.212(R)|      FAST  |XLXI_53/Rclick0   |   0.000|
            |        16.553(R)|      SLOW  |         9.943(R)|      FAST  |XLXI_53/Rclick1   |   0.000|
            |        15.926(R)|      SLOW  |         9.496(R)|      FAST  |XLXI_53/Rclick2   |   0.000|
            |        17.289(R)|      SLOW  |        10.012(R)|      FAST  |XLXI_53/Rclick3   |   0.000|
            |        17.527(R)|      SLOW  |        10.396(R)|      FAST  |XLXI_53/Rclick4   |   0.000|
            |        18.258(R)|      SLOW  |        10.958(R)|      FAST  |XLXI_53/Rclick5   |   0.000|
            |        16.440(R)|      SLOW  |         9.536(R)|      FAST  |XLXI_53/Rclick6   |   0.000|
            |        18.538(R)|      SLOW  |        10.857(R)|      FAST  |XLXI_53/Rclick7   |   0.000|
            |        16.694(R)|      SLOW  |         9.436(R)|      FAST  |XLXI_53/Rclick8   |   0.000|
ledRedOB4   |        15.831(R)|      SLOW  |         9.112(R)|      FAST  |XLXI_53/Rclick0   |   0.000|
            |        16.414(R)|      SLOW  |         9.843(R)|      FAST  |XLXI_53/Rclick1   |   0.000|
            |        15.787(R)|      SLOW  |         9.396(R)|      FAST  |XLXI_53/Rclick2   |   0.000|
            |        17.150(R)|      SLOW  |         9.912(R)|      FAST  |XLXI_53/Rclick3   |   0.000|
            |        17.388(R)|      SLOW  |        10.296(R)|      FAST  |XLXI_53/Rclick4   |   0.000|
            |        18.119(R)|      SLOW  |        10.858(R)|      FAST  |XLXI_53/Rclick5   |   0.000|
            |        16.301(R)|      SLOW  |         9.436(R)|      FAST  |XLXI_53/Rclick6   |   0.000|
            |        18.399(R)|      SLOW  |        10.757(R)|      FAST  |XLXI_53/Rclick7   |   0.000|
            |        16.555(R)|      SLOW  |         9.336(R)|      FAST  |XLXI_53/Rclick8   |   0.000|
ledRedOB5   |        16.642(R)|      SLOW  |         9.600(R)|      FAST  |XLXI_53/Rclick0   |   0.000|
            |        17.225(R)|      SLOW  |        10.331(R)|      FAST  |XLXI_53/Rclick1   |   0.000|
            |        16.598(R)|      SLOW  |         9.884(R)|      FAST  |XLXI_53/Rclick2   |   0.000|
            |        17.961(R)|      SLOW  |        10.400(R)|      FAST  |XLXI_53/Rclick3   |   0.000|
            |        18.199(R)|      SLOW  |        10.784(R)|      FAST  |XLXI_53/Rclick4   |   0.000|
            |        18.930(R)|      SLOW  |        11.346(R)|      FAST  |XLXI_53/Rclick5   |   0.000|
            |        17.112(R)|      SLOW  |         9.924(R)|      FAST  |XLXI_53/Rclick6   |   0.000|
            |        19.210(R)|      SLOW  |        11.245(R)|      FAST  |XLXI_53/Rclick7   |   0.000|
            |        17.366(R)|      SLOW  |         9.824(R)|      FAST  |XLXI_53/Rclick8   |   0.000|
ledRedOB6   |        16.651(R)|      SLOW  |         9.579(R)|      FAST  |XLXI_53/Rclick0   |   0.000|
            |        17.234(R)|      SLOW  |        10.310(R)|      FAST  |XLXI_53/Rclick1   |   0.000|
            |        16.607(R)|      SLOW  |         9.863(R)|      FAST  |XLXI_53/Rclick2   |   0.000|
            |        17.970(R)|      SLOW  |        10.379(R)|      FAST  |XLXI_53/Rclick3   |   0.000|
            |        18.208(R)|      SLOW  |        10.763(R)|      FAST  |XLXI_53/Rclick4   |   0.000|
            |        18.939(R)|      SLOW  |        11.325(R)|      FAST  |XLXI_53/Rclick5   |   0.000|
            |        17.121(R)|      SLOW  |         9.903(R)|      FAST  |XLXI_53/Rclick6   |   0.000|
            |        19.219(R)|      SLOW  |        11.224(R)|      FAST  |XLXI_53/Rclick7   |   0.000|
            |        17.375(R)|      SLOW  |         9.803(R)|      FAST  |XLXI_53/Rclick8   |   0.000|
ledRedOB7   |        17.277(R)|      SLOW  |        10.044(R)|      FAST  |XLXI_53/Rclick0   |   0.000|
            |        17.860(R)|      SLOW  |        10.775(R)|      FAST  |XLXI_53/Rclick1   |   0.000|
            |        17.233(R)|      SLOW  |        10.328(R)|      FAST  |XLXI_53/Rclick2   |   0.000|
            |        18.596(R)|      SLOW  |        10.844(R)|      FAST  |XLXI_53/Rclick3   |   0.000|
            |        18.834(R)|      SLOW  |        11.228(R)|      FAST  |XLXI_53/Rclick4   |   0.000|
            |        19.565(R)|      SLOW  |        11.790(R)|      FAST  |XLXI_53/Rclick5   |   0.000|
            |        17.747(R)|      SLOW  |        10.368(R)|      FAST  |XLXI_53/Rclick6   |   0.000|
            |        19.845(R)|      SLOW  |        11.689(R)|      FAST  |XLXI_53/Rclick7   |   0.000|
            |        18.001(R)|      SLOW  |        10.268(R)|      FAST  |XLXI_53/Rclick8   |   0.000|
redWin      |        13.522(R)|      SLOW  |         7.568(R)|      FAST  |XLXI_53/Rclick0   |   0.000|
            |        14.105(R)|      SLOW  |         8.299(R)|      FAST  |XLXI_53/Rclick1   |   0.000|
            |        13.478(R)|      SLOW  |         7.852(R)|      FAST  |XLXI_53/Rclick2   |   0.000|
            |        14.841(R)|      SLOW  |         8.368(R)|      FAST  |XLXI_53/Rclick3   |   0.000|
            |        15.079(R)|      SLOW  |         8.752(R)|      FAST  |XLXI_53/Rclick4   |   0.000|
            |        15.810(R)|      SLOW  |         9.314(R)|      FAST  |XLXI_53/Rclick5   |   0.000|
            |        13.992(R)|      SLOW  |         7.892(R)|      FAST  |XLXI_53/Rclick6   |   0.000|
            |        16.090(R)|      SLOW  |         9.213(R)|      FAST  |XLXI_53/Rclick7   |   0.000|
            |        14.246(R)|      SLOW  |         7.792(R)|      FAST  |XLXI_53/Rclick8   |   0.000|
------------+-----------------+------------+-----------------+------------+------------------+--------+

Clock to Setup on destination clock CLK
---------------+---------+---------+---------+---------+
               | Src:Rise| Src:Fall| Src:Rise| Src:Fall|
Source Clock   |Dest:Rise|Dest:Rise|Dest:Fall|Dest:Fall|
---------------+---------+---------+---------+---------+
CLK            |    1.265|         |         |         |
---------------+---------+---------+---------+---------+

Clock to Setup on destination clock btnPosition
---------------+---------+---------+---------+---------+
               | Src:Rise| Src:Fall| Src:Rise| Src:Fall|
Source Clock   |Dest:Rise|Dest:Rise|Dest:Fall|Dest:Fall|
---------------+---------+---------+---------+---------+
btnPosition    |    1.252|         |         |         |
---------------+---------+---------+---------+---------+

Clock to Setup on destination clock btnSelect
---------------+---------+---------+---------+---------+
               | Src:Rise| Src:Fall| Src:Rise| Src:Fall|
Source Clock   |Dest:Rise|Dest:Rise|Dest:Fall|Dest:Fall|
---------------+---------+---------+---------+---------+
btnSelect      |    3.085|         |         |         |
s_swColor      |    3.085|         |         |         |
---------------+---------+---------+---------+---------+

Clock to Setup on destination clock s_swColor
---------------+---------+---------+---------+---------+
               | Src:Rise| Src:Fall| Src:Rise| Src:Fall|
Source Clock   |Dest:Rise|Dest:Rise|Dest:Fall|Dest:Fall|
---------------+---------+---------+---------+---------+
btnSelect      |    3.085|         |         |         |
s_swColor      |    3.085|         |         |         |
---------------+---------+---------+---------+---------+

Pad to Pad
---------------+---------------+---------+
Source Pad     |Destination Pad|  Delay  |
---------------+---------------+---------+
s_swColor      |G0             |   11.392|
s_swColor      |G1             |   11.662|
s_swColor      |G2             |   11.248|
s_swColor      |G3             |   11.038|
s_swColor      |G4             |   11.717|
s_swColor      |G5             |   11.728|
s_swColor      |G6             |   11.505|
s_swColor      |G7             |   12.057|
s_swColor      |G8             |   11.425|
s_swColor      |R0             |   11.408|
s_swColor      |R1             |   11.047|
s_swColor      |R2             |   11.211|
s_swColor      |R3             |   11.919|
s_swColor      |R4             |   11.866|
s_swColor      |R5             |   12.430|
s_swColor      |R6             |   12.000|
s_swColor      |R7             |   12.136|
s_swColor      |R8             |   11.407|
---------------+---------------+---------+


Analysis completed Thu Dec 16 00:06:42 2021 
--------------------------------------------------------------------------------

Trace Settings:
-------------------------
Trace Settings 

Peak Memory Usage: 4571 MB



