
****** PlanAhead v14.7
  **** Build 321239 by xbuild on Fri Sep 27 19:31:35 MDT 2013
    ** Copyright 1986-1999, 2001-2013 Xilinx, Inc. All Rights Reserved.

INFO: [Common 17-78] Attempting to get a license: PlanAhead
INFO: [Common 17-290] Got license for PlanAhead
INFO: [Device 21-36] Loading parts and site information from C:/Xilinx/14.7/ISE_DS/PlanAhead/data/parts/arch.xml
Parsing RTL primitives file [C:/Xilinx/14.7/ISE_DS/PlanAhead/data/parts/xilinx/rtl/prims/rtl_prims.xml]
Finished parsing RTL primitives file [C:/Xilinx/14.7/ISE_DS/PlanAhead/data/parts/xilinx/rtl/prims/rtl_prims.xml]
start_gui
source C:/xilinx__workspace/TicTacToeV2/pa.fromNetlist.tcl
# create_project -name TicTacToeV2 -dir "C:/xilinx__workspace/TicTacToeV2/planAhead_run_1" -part xc6slx9tqg144-3
# set_property design_mode GateLvl [get_property srcset [current_run -impl]]
# set_property edif_top_file "C:/xilinx__workspace/TicTacToeV2/main.ngc" [ get_property srcset [ current_run ] ]
# add_files -norecurse { {C:/xilinx__workspace/TicTacToeV2} }
# set_property target_constrs_file "main.ucf" [current_fileset -constrset]
Adding file 'C:/xilinx__workspace/TicTacToeV2/main.ucf' to fileset 'constrs_1'
# add_files [list {main.ucf}] -fileset [get_property constrset [current_run]]
# link_design
Design is defaulting to srcset: sources_1
Design is defaulting to constrset: constrs_1
Design is defaulting to project part: xc6slx9tqg144-3
Release 14.7 - ngc2edif P.20131013 (nt)
Copyright (c) 1995-2013 Xilinx, Inc.  All rights reserved.

Release 14.7 - ngc2edif P.20131013 (nt)
Copyright (c) 1995-2013 Xilinx, Inc.  All rights reserved.
Reading design main.ngc ...
WARNING:NetListWriters:298 - No output is written to main.xncf, ignored.
Processing design ...
   Preping design's networks ...
   Preping design's macros ...
  finished :Prep
Writing EDIF netlist file main.edif ...
ngc2edif: Total memory usage is 79480 kilobytes

Parsing EDIF File [./planAhead_run_1/TicTacToeV2.data/cache/main_ngc_zx.edif]
Finished Parsing EDIF File [./planAhead_run_1/TicTacToeV2.data/cache/main_ngc_zx.edif]
INFO: [Netlist 29-17] Analyzing 1 Unisim elements for replacement
INFO: [Netlist 29-28] Unisim Transformation completed in 0 CPU seconds
Loading clock regions from C:/Xilinx/14.7/ISE_DS/PlanAhead/data\parts/xilinx/spartan6/spartan6lx/xc6slx9/ClockRegion.xml
Loading clock buffers from C:/Xilinx/14.7/ISE_DS/PlanAhead/data\parts/xilinx/spartan6/spartan6lx/xc6slx9/ClockBuffers.xml
Loading package pin functions from C:/Xilinx/14.7/ISE_DS/PlanAhead/data\parts/xilinx/spartan6/PinFunctions.xml...
Loading package from C:/Xilinx/14.7/ISE_DS/PlanAhead/data\parts/xilinx/spartan6/spartan6lx/xc6slx9/tqg144/Package.xml
Loading io standards from C:/Xilinx/14.7/ISE_DS/PlanAhead/data\./parts/xilinx/spartan6/IOStandards.xml
Loading device configuration modes from C:/Xilinx/14.7/ISE_DS/PlanAhead/data\parts/xilinx/spartan6/ConfigModes.xml
Loading list of drcs for the architecture : C:/Xilinx/14.7/ISE_DS/PlanAhead/data\./parts/xilinx/spartan6/drc.xml
Parsing UCF File [C:/xilinx__workspace/TicTacToeV2/main.ucf]
CRITICAL WARNING: [Constraints 18-11] Could not find net or pin 'ledWin' [C:/xilinx__workspace/TicTacToeV2/main.ucf:44]
CRITICAL WARNING: [Constraints 18-11] Could not find net or pin 'ledRed' [C:/xilinx__workspace/TicTacToeV2/main.ucf:45]
CRITICAL WARNING: [Constraints 18-11] Could not find net or pin 'ledGreen' [C:/xilinx__workspace/TicTacToeV2/main.ucf:46]
Finished Parsing UCF File [C:/xilinx__workspace/TicTacToeV2/main.ucf]
INFO: [Designutils 20-20] Invalid constraints found, use command 'write_ucf -constraints invalid <file>' to save all the invalid constraints to a file
INFO: [Project 1-111] Unisim Transformation Summary:
  A total of 1 instances were transformed.
  BUFGP => BUFGP (IBUF, BUFG): 1 instances

Phase 0 | Netlist Checksum: b04e4e7f
link_design: Time (s): elapsed = 00:00:06 . Memory (MB): peak = 573.340 ; gain = 105.758
exit
ERROR: [Common 17-39] 'stop_gui' failed due to earlier errors.
INFO: [Common 17-206] Exiting PlanAhead at Thu Dec 16 00:03:47 2021...
INFO: [Common 17-83] Releasing license: PlanAhead
