
****** PlanAhead v14.7
  **** Build 321239 by xbuild on Fri Sep 27 19:31:35 MDT 2013
    ** Copyright 1986-1999, 2001-2013 Xilinx, Inc. All Rights Reserved.

INFO: [Common 17-78] Attempting to get a license: PlanAhead
INFO: [Common 17-290] Got license for PlanAhead
INFO: [Device 21-36] Loading parts and site information from C:/Xilinx/14.7/ISE_DS/PlanAhead/data/parts/arch.xml
Parsing RTL primitives file [C:/Xilinx/14.7/ISE_DS/PlanAhead/data/parts/xilinx/rtl/prims/rtl_prims.xml]
Finished parsing RTL primitives file [C:/Xilinx/14.7/ISE_DS/PlanAhead/data/parts/xilinx/rtl/prims/rtl_prims.xml]
start_gui
source C:/xilinx__workspace/Adder/pa.fromHdl.tcl
# create_project -name Adder -dir "C:/xilinx__workspace/Adder/planAhead_run_1" -part xc6slx4tqg144-3
# set_param project.pinAheadLayout yes
# set srcset [get_property srcset [current_run -impl]]
# set_property target_constrs_file "C:/xilinx__workspace/Adder/HalfAdder.ucf" [current_fileset -constrset]
Adding file 'C:/xilinx__workspace/Adder/HalfAdder.ucf' to fileset 'constrs_1'
# set hdlfile [add_files [list {HalfAdder.vf}]]
# set_property file_type Verilog $hdlfile
# set_property library work $hdlfile
# set_property top HalfAdder $srcset
# add_files [list {HalfAdderPin.ucf}] -fileset [get_property constrset [current_run]]
# add_files [list {HalfAdder.ucf}] -fileset [get_property constrset [current_run]]
# open_rtl_design -part xc6slx4tqg144-3
Using Verific elaboration
Parsing VHDL file "C:/Xilinx/14.7/ISE_DS/PlanAhead/data/parts/xilinx/rtl/lib/synplify/synattr.vhd" into library synplify
Analyzing Verilog file "C:/xilinx__workspace/Adder/HalfAdder.vf" into library work
Loading clock regions from C:/Xilinx/14.7/ISE_DS/PlanAhead/data\parts/xilinx/spartan6/spartan6lx/xc6slx4/ClockRegion.xml
Loading clock buffers from C:/Xilinx/14.7/ISE_DS/PlanAhead/data\parts/xilinx/spartan6/spartan6lx/xc6slx4/ClockBuffers.xml
Loading package pin functions from C:/Xilinx/14.7/ISE_DS/PlanAhead/data\parts/xilinx/spartan6/PinFunctions.xml...
Loading package from C:/Xilinx/14.7/ISE_DS/PlanAhead/data\parts/xilinx/spartan6/spartan6lx/xc6slx4/tqg144/Package.xml
Loading io standards from C:/Xilinx/14.7/ISE_DS/PlanAhead/data\./parts/xilinx/spartan6/IOStandards.xml
Loading device configuration modes from C:/Xilinx/14.7/ISE_DS/PlanAhead/data\parts/xilinx/spartan6/ConfigModes.xml
Loading list of drcs for the architecture : C:/Xilinx/14.7/ISE_DS/PlanAhead/data\./parts/xilinx/spartan6/drc.xml
Parsing UCF File [C:/xilinx__workspace/Adder/HalfAdder.ucf]
Finished Parsing UCF File [C:/xilinx__workspace/Adder/HalfAdder.ucf]
Parsing UCF File [C:/xilinx__workspace/Adder/HalfAdderPin.ucf]
Finished Parsing UCF File [C:/xilinx__workspace/Adder/HalfAdderPin.ucf]
INFO: [Project 1-111] Unisim Transformation Summary:
No Unisim elements were transformed.

Phase 0 | Netlist Checksum: 8f5615d4
open_rtl_design: Time (s): elapsed = 00:00:06 . Memory (MB): peak = 547.734 ; gain = 112.949
update_compile_order -fileset sim_1
startgroup
set_property package_pin P35 [get_ports LED0_P35]
endgroup
startgroup
set_property package_pin P33 [get_ports LED1_P33]
endgroup
startgroup
set_property package_pin P26 [get_ports SW0_P25]
endgroup
startgroup
set_property package_pin P24 [get_ports SW1_P24]
endgroup
save_constraints
exit
ERROR: [Common 17-39] 'stop_gui' failed due to earlier errors.
INFO: [Common 17-206] Exiting PlanAhead at Tue Aug 03 13:56:09 2021...
INFO: [Common 17-83] Releasing license: PlanAhead
