Release 14.7 - xst P.20131013 (nt64)
Copyright (c) 1995-2013 Xilinx, Inc.  All rights reserved.
--> Parameter TMPDIR set to xst/projnav.tmp


Total REAL time to Xst completion: 0.00 secs
Total CPU time to Xst completion: 0.09 secs
 
--> Parameter xsthdpdir set to xst


Total REAL time to Xst completion: 0.00 secs
Total CPU time to Xst completion: 0.09 secs
 
--> Reading design: main.prj

TABLE OF CONTENTS
  1) Synthesis Options Summary
  2) HDL Parsing
  3) HDL Elaboration
  4) HDL Synthesis
       4.1) HDL Synthesis Report
  5) Advanced HDL Synthesis
       5.1) Advanced HDL Synthesis Report
  6) Low Level Synthesis
  7) Partition Report
  8) Design Summary
       8.1) Primitive and Black Box Usage
       8.2) Device utilization summary
       8.3) Partition Resource Summary
       8.4) Timing Report
            8.4.1) Clock Information
            8.4.2) Asynchronous Control Signals Information
            8.4.3) Timing Summary
            8.4.4) Timing Details
            8.4.5) Cross Clock Domains Report


=========================================================================
*                      Synthesis Options Summary                        *
=========================================================================
---- Source Parameters
Input File Name                    : "main.prj"
Ignore Synthesis Constraint File   : NO

---- Target Parameters
Output File Name                   : "main"
Output Format                      : NGC
Target Device                      : xc6slx9-3-tqg144

---- Source Options
Top Module Name                    : main
Automatic FSM Extraction           : YES
FSM Encoding Algorithm             : Auto
Safe Implementation                : No
FSM Style                          : LUT
RAM Extraction                     : Yes
RAM Style                          : Auto
ROM Extraction                     : Yes
Shift Register Extraction          : YES
ROM Style                          : Auto
Resource Sharing                   : YES
Asynchronous To Synchronous        : NO
Shift Register Minimum Size        : 2
Use DSP Block                      : Auto
Automatic Register Balancing       : No

---- Target Options
LUT Combining                      : Auto
Reduce Control Sets                : Auto
Add IO Buffers                     : YES
Global Maximum Fanout              : 100000
Add Generic Clock Buffer(BUFG)     : 16
Register Duplication               : YES
Optimize Instantiated Primitives   : NO
Use Clock Enable                   : Auto
Use Synchronous Set                : Auto
Use Synchronous Reset              : Auto
Pack IO Registers into IOBs        : Auto
Equivalent register Removal        : YES

---- General Options
Optimization Goal                  : Speed
Optimization Effort                : 1
Power Reduction                    : NO
Keep Hierarchy                     : No
Netlist Hierarchy                  : As_Optimized
RTL Output                         : Yes
Global Optimization                : AllClockNets
Read Cores                         : YES
Write Timing Constraints           : NO
Cross Clock Analysis               : NO
Hierarchy Separator                : /
Bus Delimiter                      : <>
Case Specifier                     : Maintain
Slice Utilization Ratio            : 100
BRAM Utilization Ratio             : 100
DSP48 Utilization Ratio            : 100
Auto BRAM Packing                  : NO
Slice Utilization Ratio Delta      : 5

=========================================================================


=========================================================================
*                          HDL Parsing                                  *
=========================================================================
Analyzing Verilog file "C:\xilinx__workspace\try1\Counter1_5.vf" into library work
Parsing module <FJKC_HXILINX_Counter1_5>.
Parsing module <Counter1_5>.
Analyzing Verilog file "C:\xilinx__workspace\try1\ClockDivisor.vf" into library work
Parsing module <CD4CE_HXILINX_ClockDivisor>.
Parsing module <FJKC_HXILINX_ClockDivisor>.
Parsing module <ClockDivisor>.
Analyzing Verilog file "C:\xilinx__workspace\try1\betterBCDto7seg.vf" into library work
Parsing module <betterBCDto7seg>.
Analyzing Verilog file "C:\xilinx__workspace\try1\main.vf" into library work
Parsing module <CD4CE_HXILINX_main>.
Parsing module <FJKC_HXILINX_main>.
Parsing module <ClockDivisor_MUSER_main>.
Parsing module <betterBCDto7seg_MUSER_main>.
Parsing module <Counter1_5_MUSER_main>.
Parsing module <main>.

=========================================================================
*                            HDL Elaboration                            *
=========================================================================

Elaborating module <main>.

Elaborating module <Counter1_5_MUSER_main>.

Elaborating module <GND>.

Elaborating module <FJKC_HXILINX_main>.

Elaborating module <VCC>.

Elaborating module <INV>.

Elaborating module <AND2>.

Elaborating module <AND3B1>.

Elaborating module <betterBCDto7seg_MUSER_main>.

Elaborating module <OR4>.

Elaborating module <OR3>.

Elaborating module <OR5>.

Elaborating module <AND3>.

Elaborating module <OR2>.

Elaborating module <ClockDivisor_MUSER_main>.

Elaborating module <CD4CE_HXILINX_main>.
WARNING:HDLCompiler:413 - "C:\xilinx__workspace\try1\main.vf" Line 60: Result of 5-bit expression is truncated to fit in 4-bit target.
WARNING:HDLCompiler:552 - "C:\xilinx__workspace\try1\main.vf" Line 139: Input port CLR is not connected on this instance
WARNING:HDLCompiler:552 - "C:\xilinx__workspace\try1\main.vf" Line 149: Input port CLR is not connected on this instance
WARNING:HDLCompiler:552 - "C:\xilinx__workspace\try1\main.vf" Line 159: Input port CLR is not connected on this instance
WARNING:HDLCompiler:552 - "C:\xilinx__workspace\try1\main.vf" Line 169: Input port CLR is not connected on this instance
WARNING:HDLCompiler:552 - "C:\xilinx__workspace\try1\main.vf" Line 179: Input port CLR is not connected on this instance
WARNING:HDLCompiler:552 - "C:\xilinx__workspace\try1\main.vf" Line 189: Input port CLR is not connected on this instance
WARNING:HDLCompiler:552 - "C:\xilinx__workspace\try1\main.vf" Line 199: Input port CLR is not connected on this instance
WARNING:HDLCompiler:552 - "C:\xilinx__workspace\try1\main.vf" Line 224: Input port CLR is not connected on this instance
WARNING:HDLCompiler:552 - "C:\xilinx__workspace\try1\main.vf" Line 230: Input port CLR is not connected on this instance
WARNING:HDLCompiler:552 - "C:\xilinx__workspace\try1\main.vf" Line 236: Input port CLR is not connected on this instance
WARNING:HDLCompiler:552 - "C:\xilinx__workspace\try1\main.vf" Line 242: Input port CLR is not connected on this instance
WARNING:HDLCompiler:1127 - "C:\xilinx__workspace\try1\main.vf" Line 536: Assignment to XLXN_33 ignored, since the identifier is never used
WARNING:HDLCompiler:1127 - "C:\xilinx__workspace\try1\main.vf" Line 537: Assignment to XLXN_33 ignored, since the identifier is never used
WARNING:HDLCompiler:1127 - "C:\xilinx__workspace\try1\main.vf" Line 538: Assignment to XLXN_33 ignored, since the identifier is never used
WARNING:HDLCompiler:1127 - "C:\xilinx__workspace\try1\main.vf" Line 539: Assignment to XLXN_33 ignored, since the identifier is never used
WARNING:HDLCompiler:1127 - "C:\xilinx__workspace\try1\main.vf" Line 540: Assignment to XLXN_33 ignored, since the identifier is never used

=========================================================================
*                           HDL Synthesis                               *
=========================================================================

Synthesizing Unit <main>.
    Related source file is "C:\xilinx__workspace\try1\main.vf".
INFO:Xst:3210 - "C:\xilinx__workspace\try1\main.vf" line 534: Output port <CLK_2Hz> of the instance <XLXI_16> is unconnected or connected to loadless signal.
INFO:Xst:3210 - "C:\xilinx__workspace\try1\main.vf" line 534: Output port <CLK_10Hz> of the instance <XLXI_16> is unconnected or connected to loadless signal.
INFO:Xst:3210 - "C:\xilinx__workspace\try1\main.vf" line 534: Output port <CLK_100Hz> of the instance <XLXI_16> is unconnected or connected to loadless signal.
INFO:Xst:3210 - "C:\xilinx__workspace\try1\main.vf" line 534: Output port <CLK_1000Hz> of the instance <XLXI_16> is unconnected or connected to loadless signal.
    Summary:
	no macro.
Unit <main> synthesized.

Synthesizing Unit <Counter1_5_MUSER_main>.
    Related source file is "C:\xilinx__workspace\try1\main.vf".
    Set property "HU_SET = XLXI_20_28" for instance <XLXI_20>.
    Set property "HU_SET = XLXI_21_29" for instance <XLXI_21>.
    Set property "HU_SET = XLXI_22_30" for instance <XLXI_22>.
    Summary:
	no macro.
Unit <Counter1_5_MUSER_main> synthesized.

Synthesizing Unit <FJKC_HXILINX_main>.
    Related source file is "C:\xilinx__workspace\try1\main.vf".
        INIT = 1'b0
    Found 1-bit register for signal <Q>.
    Summary:
	inferred   1 D-type flip-flop(s).
	inferred   2 Multiplexer(s).
Unit <FJKC_HXILINX_main> synthesized.

Synthesizing Unit <betterBCDto7seg_MUSER_main>.
    Related source file is "C:\xilinx__workspace\try1\main.vf".
    Summary:
	no macro.
Unit <betterBCDto7seg_MUSER_main> synthesized.

Synthesizing Unit <ClockDivisor_MUSER_main>.
    Related source file is "C:\xilinx__workspace\try1\main.vf".
    Set property "HU_SET = XLXI_1_17" for instance <XLXI_1>.
    Set property "HU_SET = XLXI_2_18" for instance <XLXI_2>.
    Set property "HU_SET = XLXI_3_19" for instance <XLXI_3>.
    Set property "HU_SET = XLXI_4_20" for instance <XLXI_4>.
    Set property "HU_SET = XLXI_5_23" for instance <XLXI_5>.
    Set property "HU_SET = XLXI_6_22" for instance <XLXI_6>.
    Set property "HU_SET = XLXI_7_21" for instance <XLXI_7>.
    Set property "HU_SET = XLXI_28_24" for instance <XLXI_28>.
    Set property "HU_SET = XLXI_29_25" for instance <XLXI_29>.
    Set property "HU_SET = XLXI_30_26" for instance <XLXI_30>.
    Set property "HU_SET = XLXI_31_27" for instance <XLXI_31>.
WARNING:Xst:2898 - Port 'CLR', unconnected in block instance 'XLXI_1', is tied to GND.
WARNING:Xst:2898 - Port 'CLR', unconnected in block instance 'XLXI_2', is tied to GND.
WARNING:Xst:2898 - Port 'CLR', unconnected in block instance 'XLXI_3', is tied to GND.
WARNING:Xst:2898 - Port 'CLR', unconnected in block instance 'XLXI_4', is tied to GND.
WARNING:Xst:2898 - Port 'CLR', unconnected in block instance 'XLXI_5', is tied to GND.
WARNING:Xst:2898 - Port 'CLR', unconnected in block instance 'XLXI_6', is tied to GND.
WARNING:Xst:2898 - Port 'CLR', unconnected in block instance 'XLXI_7', is tied to GND.
WARNING:Xst:2898 - Port 'CLR', unconnected in block instance 'XLXI_28', is tied to GND.
WARNING:Xst:2898 - Port 'CLR', unconnected in block instance 'XLXI_29', is tied to GND.
WARNING:Xst:2898 - Port 'CLR', unconnected in block instance 'XLXI_30', is tied to GND.
WARNING:Xst:2898 - Port 'CLR', unconnected in block instance 'XLXI_31', is tied to GND.
INFO:Xst:3210 - "C:\xilinx__workspace\try1\main.vf" line 139: Output port <CEO> of the instance <XLXI_1> is unconnected or connected to loadless signal.
INFO:Xst:3210 - "C:\xilinx__workspace\try1\main.vf" line 139: Output port <Q0> of the instance <XLXI_1> is unconnected or connected to loadless signal.
INFO:Xst:3210 - "C:\xilinx__workspace\try1\main.vf" line 139: Output port <Q1> of the instance <XLXI_1> is unconnected or connected to loadless signal.
INFO:Xst:3210 - "C:\xilinx__workspace\try1\main.vf" line 139: Output port <Q2> of the instance <XLXI_1> is unconnected or connected to loadless signal.
INFO:Xst:3210 - "C:\xilinx__workspace\try1\main.vf" line 139: Output port <Q3> of the instance <XLXI_1> is unconnected or connected to loadless signal.
INFO:Xst:3210 - "C:\xilinx__workspace\try1\main.vf" line 149: Output port <CEO> of the instance <XLXI_2> is unconnected or connected to loadless signal.
INFO:Xst:3210 - "C:\xilinx__workspace\try1\main.vf" line 149: Output port <Q0> of the instance <XLXI_2> is unconnected or connected to loadless signal.
INFO:Xst:3210 - "C:\xilinx__workspace\try1\main.vf" line 149: Output port <Q1> of the instance <XLXI_2> is unconnected or connected to loadless signal.
INFO:Xst:3210 - "C:\xilinx__workspace\try1\main.vf" line 149: Output port <Q2> of the instance <XLXI_2> is unconnected or connected to loadless signal.
INFO:Xst:3210 - "C:\xilinx__workspace\try1\main.vf" line 149: Output port <Q3> of the instance <XLXI_2> is unconnected or connected to loadless signal.
INFO:Xst:3210 - "C:\xilinx__workspace\try1\main.vf" line 159: Output port <CEO> of the instance <XLXI_3> is unconnected or connected to loadless signal.
INFO:Xst:3210 - "C:\xilinx__workspace\try1\main.vf" line 159: Output port <Q0> of the instance <XLXI_3> is unconnected or connected to loadless signal.
INFO:Xst:3210 - "C:\xilinx__workspace\try1\main.vf" line 159: Output port <Q1> of the instance <XLXI_3> is unconnected or connected to loadless signal.
INFO:Xst:3210 - "C:\xilinx__workspace\try1\main.vf" line 159: Output port <Q2> of the instance <XLXI_3> is unconnected or connected to loadless signal.
INFO:Xst:3210 - "C:\xilinx__workspace\try1\main.vf" line 159: Output port <Q3> of the instance <XLXI_3> is unconnected or connected to loadless signal.
INFO:Xst:3210 - "C:\xilinx__workspace\try1\main.vf" line 169: Output port <CEO> of the instance <XLXI_4> is unconnected or connected to loadless signal.
INFO:Xst:3210 - "C:\xilinx__workspace\try1\main.vf" line 169: Output port <Q0> of the instance <XLXI_4> is unconnected or connected to loadless signal.
INFO:Xst:3210 - "C:\xilinx__workspace\try1\main.vf" line 169: Output port <Q1> of the instance <XLXI_4> is unconnected or connected to loadless signal.
INFO:Xst:3210 - "C:\xilinx__workspace\try1\main.vf" line 169: Output port <Q2> of the instance <XLXI_4> is unconnected or connected to loadless signal.
INFO:Xst:3210 - "C:\xilinx__workspace\try1\main.vf" line 169: Output port <Q3> of the instance <XLXI_4> is unconnected or connected to loadless signal.
INFO:Xst:3210 - "C:\xilinx__workspace\try1\main.vf" line 179: Output port <CEO> of the instance <XLXI_5> is unconnected or connected to loadless signal.
INFO:Xst:3210 - "C:\xilinx__workspace\try1\main.vf" line 179: Output port <Q0> of the instance <XLXI_5> is unconnected or connected to loadless signal.
INFO:Xst:3210 - "C:\xilinx__workspace\try1\main.vf" line 179: Output port <Q1> of the instance <XLXI_5> is unconnected or connected to loadless signal.
INFO:Xst:3210 - "C:\xilinx__workspace\try1\main.vf" line 179: Output port <Q2> of the instance <XLXI_5> is unconnected or connected to loadless signal.
INFO:Xst:3210 - "C:\xilinx__workspace\try1\main.vf" line 179: Output port <Q3> of the instance <XLXI_5> is unconnected or connected to loadless signal.
INFO:Xst:3210 - "C:\xilinx__workspace\try1\main.vf" line 189: Output port <CEO> of the instance <XLXI_6> is unconnected or connected to loadless signal.
INFO:Xst:3210 - "C:\xilinx__workspace\try1\main.vf" line 189: Output port <Q0> of the instance <XLXI_6> is unconnected or connected to loadless signal.
INFO:Xst:3210 - "C:\xilinx__workspace\try1\main.vf" line 189: Output port <Q1> of the instance <XLXI_6> is unconnected or connected to loadless signal.
INFO:Xst:3210 - "C:\xilinx__workspace\try1\main.vf" line 189: Output port <Q2> of the instance <XLXI_6> is unconnected or connected to loadless signal.
INFO:Xst:3210 - "C:\xilinx__workspace\try1\main.vf" line 189: Output port <Q3> of the instance <XLXI_6> is unconnected or connected to loadless signal.
INFO:Xst:3210 - "C:\xilinx__workspace\try1\main.vf" line 199: Output port <CEO> of the instance <XLXI_7> is unconnected or connected to loadless signal.
INFO:Xst:3210 - "C:\xilinx__workspace\try1\main.vf" line 199: Output port <Q0> of the instance <XLXI_7> is unconnected or connected to loadless signal.
INFO:Xst:3210 - "C:\xilinx__workspace\try1\main.vf" line 199: Output port <Q1> of the instance <XLXI_7> is unconnected or connected to loadless signal.
INFO:Xst:3210 - "C:\xilinx__workspace\try1\main.vf" line 199: Output port <Q2> of the instance <XLXI_7> is unconnected or connected to loadless signal.
INFO:Xst:3210 - "C:\xilinx__workspace\try1\main.vf" line 199: Output port <Q3> of the instance <XLXI_7> is unconnected or connected to loadless signal.
    Summary:
	no macro.
Unit <ClockDivisor_MUSER_main> synthesized.

Synthesizing Unit <CD4CE_HXILINX_main>.
    Related source file is "C:\xilinx__workspace\try1\main.vf".
        TERMINAL_COUNT = 4'b1001
    Found 1-bit register for signal <Q1>.
    Found 1-bit register for signal <Q2>.
    Found 1-bit register for signal <Q3>.
    Found 1-bit register for signal <Q0>.
    Found 4-bit adder for signal <Q3_GND_16_o_add_4_OUT> created at line 60.
    Summary:
	inferred   1 Adder/Subtractor(s).
	inferred   4 D-type flip-flop(s).
	inferred   7 Multiplexer(s).
Unit <CD4CE_HXILINX_main> synthesized.

=========================================================================
HDL Synthesis Report

Macro Statistics
# Adders/Subtractors                                   : 7
 4-bit adder                                           : 7
# Registers                                            : 35
 1-bit register                                        : 35
# Multiplexers                                         : 63
 1-bit 2-to-1 multiplexer                              : 63

=========================================================================

=========================================================================
*                       Advanced HDL Synthesis                          *
=========================================================================

WARNING:Xst:1290 - Hierarchical block <XLXI_31> is unconnected in block <XLXI_16>.
   It will be removed from the design.
WARNING:Xst:1290 - Hierarchical block <XLXI_30> is unconnected in block <XLXI_16>.
   It will be removed from the design.
WARNING:Xst:1290 - Hierarchical block <XLXI_29> is unconnected in block <XLXI_16>.
   It will be removed from the design.

=========================================================================
Advanced HDL Synthesis Report

Macro Statistics
# Adders/Subtractors                                   : 7
 4-bit adder                                           : 7
# Registers                                            : 35
 Flip-Flops                                            : 35
# Multiplexers                                         : 63
 1-bit 2-to-1 multiplexer                              : 63

=========================================================================

=========================================================================
*                         Low Level Synthesis                           *
=========================================================================

Optimizing unit <main> ...

Optimizing unit <ClockDivisor_MUSER_main> ...

Optimizing unit <betterBCDto7seg_MUSER_main> ...

Optimizing unit <CD4CE_HXILINX_main> ...

Optimizing unit <FJKC_HXILINX_main> ...
WARNING:Xst:1290 - Hierarchical block <XLXI_16/XLXI_29> is unconnected in block <main>.
   It will be removed from the design.
WARNING:Xst:1290 - Hierarchical block <XLXI_16/XLXI_30> is unconnected in block <main>.
   It will be removed from the design.
WARNING:Xst:1290 - Hierarchical block <XLXI_16/XLXI_31> is unconnected in block <main>.
   It will be removed from the design.

Mapping all equations...
Building and optimizing final netlist ...
Found area constraint ratio of 100 (+ 5) on block main, actual ratio is 0.

Final Macro Processing ...

=========================================================================
Final Register Report

Macro Statistics
# Registers                                            : 32
 Flip-Flops                                            : 32

=========================================================================

=========================================================================
*                           Partition Report                            *
=========================================================================

Partition Implementation Status
-------------------------------

  No Partitions were found in this design.

-------------------------------

=========================================================================
*                            Design Summary                             *
=========================================================================

Top Level Output File Name         : main.ngc

Primitive and Black Box Usage:
------------------------------
# BELS                             : 97
#      AND2                        : 17
#      AND3                        : 1
#      AND3B1                      : 1
#      GND                         : 1
#      INV                         : 37
#      LUT2                        : 2
#      LUT3                        : 16
#      LUT4                        : 14
#      OR2                         : 1
#      OR3                         : 2
#      OR4                         : 3
#      OR5                         : 1
#      VCC                         : 1
# FlipFlops/Latches                : 32
#      FDC                         : 3
#      FDCE                        : 29
# Clock Buffers                    : 1
#      BUFGP                       : 1
# IO Buffers                       : 12
#      OBUF                        : 12

Device utilization summary:
---------------------------

Selected Device : 6slx9tqg144-3 


Slice Logic Utilization: 
 Number of Slice Registers:              32  out of  11440     0%  
 Number of Slice LUTs:                   69  out of   5720     1%  
    Number used as Logic:                69  out of   5720     1%  

Slice Logic Distribution: 
 Number of LUT Flip Flop pairs used:    101
   Number with an unused Flip Flop:      69  out of    101    68%  
   Number with an unused LUT:            32  out of    101    31%  
   Number of fully used LUT-FF pairs:     0  out of    101     0%  
   Number of unique control sets:        11

IO Utilization: 
 Number of IOs:                          13
 Number of bonded IOBs:                  13  out of    102    12%  

Specific Feature Utilization:
 Number of BUFG/BUFGCTRLs:                1  out of     16     6%  

---------------------------
Partition Resource Summary:
---------------------------

  No Partitions were found in this design.

---------------------------


=========================================================================
Timing Report

NOTE: THESE TIMING NUMBERS ARE ONLY A SYNTHESIS ESTIMATE.
      FOR ACCURATE TIMING INFORMATION PLEASE REFER TO THE TRACE REPORT
      GENERATED AFTER PLACE-and-ROUTE.

Clock Information:
------------------
---------------------------------------------+---------------------------+-------+
Clock Signal                                 | Clock buffer(FF name)     | Load  |
---------------------------------------------+---------------------------+-------+
XLXI_16/XLXI_6/TC(XLXI_16/XLXI_6/Mmux_TC11:O)| NONE(*)(XLXI_16/XLXI_7/Q3)| 4     |
XLXI_16/XLXI_5/TC(XLXI_16/XLXI_5/Mmux_TC11:O)| NONE(*)(XLXI_16/XLXI_6/Q3)| 4     |
XLXI_16/XLXI_4/TC(XLXI_16/XLXI_4/Mmux_TC11:O)| NONE(*)(XLXI_16/XLXI_5/Q3)| 4     |
XLXI_16/XLXI_3/TC(XLXI_16/XLXI_3/Mmux_TC11:O)| NONE(*)(XLXI_16/XLXI_4/Q3)| 4     |
XLXI_16/XLXI_2/TC(XLXI_16/XLXI_2/Mmux_TC11:O)| NONE(*)(XLXI_16/XLXI_3/Q3)| 4     |
XLXI_16/XLXI_1/TC(XLXI_16/XLXI_1/Mmux_TC11:O)| NONE(*)(XLXI_16/XLXI_2/Q3)| 4     |
CLK                                          | BUFGP                     | 4     |
XLXI_16/XLXI_7/TC(XLXI_16/XLXI_7/Mmux_TC11:O)| NONE(*)(XLXI_16/XLXI_28/Q)| 1     |
XLXI_16/XLXI_28/Q                            | NONE(XLXI_9/XLXI_22/Q)    | 3     |
---------------------------------------------+---------------------------+-------+
(*) These 7 clock signal(s) are generated by combinatorial logic,
and XST is not able to identify which are the primary clock signals.
Please use the CLOCK_SIGNAL constraint to specify the clock signal(s) generated by combinatorial logic.
INFO:Xst:2169 - HDL ADVISOR - Some clock signals were not automatically buffered by XST with BUFG/BUFR resources. Please use the buffer_type constraint in order to insert these buffers to the clock signals to help prevent skew problems.

Asynchronous Control Signals Information:
----------------------------------------
No asynchronous control signals found in this design

Timing Summary:
---------------
Speed Grade: -3

   Minimum period: 4.090ns (Maximum Frequency: 244.502MHz)
   Minimum input arrival time before clock: No path found
   Maximum output required time after clock: 7.551ns
   Maximum combinational path delay: No path found

Timing Details:
---------------
All values displayed in nanoseconds (ns)

=========================================================================
Timing constraint: Default period analysis for Clock 'XLXI_16/XLXI_6/TC'
  Clock period: 2.048ns (frequency: 488.317MHz)
  Total number of paths / destination ports: 11 / 4
-------------------------------------------------------------------------
Delay:               2.048ns (Levels of Logic = 1)
  Source:            XLXI_16/XLXI_7/Q0 (FF)
  Destination:       XLXI_16/XLXI_7/Q0 (FF)
  Source Clock:      XLXI_16/XLXI_6/TC falling
  Destination Clock: XLXI_16/XLXI_6/TC falling

  Data Path: XLXI_16/XLXI_7/Q0 to XLXI_16/XLXI_7/Q0
                                Gate     Net
    Cell:in->out      fanout   Delay   Delay  Logical Name (Net Name)
    ----------------------------------------  ------------
     FDCE:C->Q             5   0.447   0.714  Q0 (Q0)
     INV:I->O              1   0.206   0.579  Mmux_Q3_GND_16_o_MUX_16_o11_INV_0 (Q3_GND_16_o_MUX_16_o)
     FDCE:D                    0.102          Q0
    ----------------------------------------
    Total                      2.048ns (0.755ns logic, 1.293ns route)
                                       (36.9% logic, 63.1% route)

=========================================================================
Timing constraint: Default period analysis for Clock 'XLXI_16/XLXI_5/TC'
  Clock period: 2.048ns (frequency: 488.317MHz)
  Total number of paths / destination ports: 11 / 4
-------------------------------------------------------------------------
Delay:               2.048ns (Levels of Logic = 1)
  Source:            XLXI_16/XLXI_6/Q0 (FF)
  Destination:       XLXI_16/XLXI_6/Q0 (FF)
  Source Clock:      XLXI_16/XLXI_5/TC falling
  Destination Clock: XLXI_16/XLXI_5/TC falling

  Data Path: XLXI_16/XLXI_6/Q0 to XLXI_16/XLXI_6/Q0
                                Gate     Net
    Cell:in->out      fanout   Delay   Delay  Logical Name (Net Name)
    ----------------------------------------  ------------
     FDCE:C->Q             5   0.447   0.714  Q0 (Q0)
     INV:I->O              1   0.206   0.579  Mmux_Q3_GND_16_o_MUX_16_o11_INV_0 (Q3_GND_16_o_MUX_16_o)
     FDCE:D                    0.102          Q0
    ----------------------------------------
    Total                      2.048ns (0.755ns logic, 1.293ns route)
                                       (36.9% logic, 63.1% route)

=========================================================================
Timing constraint: Default period analysis for Clock 'XLXI_16/XLXI_4/TC'
  Clock period: 2.048ns (frequency: 488.317MHz)
  Total number of paths / destination ports: 11 / 4
-------------------------------------------------------------------------
Delay:               2.048ns (Levels of Logic = 1)
  Source:            XLXI_16/XLXI_5/Q0 (FF)
  Destination:       XLXI_16/XLXI_5/Q0 (FF)
  Source Clock:      XLXI_16/XLXI_4/TC falling
  Destination Clock: XLXI_16/XLXI_4/TC falling

  Data Path: XLXI_16/XLXI_5/Q0 to XLXI_16/XLXI_5/Q0
                                Gate     Net
    Cell:in->out      fanout   Delay   Delay  Logical Name (Net Name)
    ----------------------------------------  ------------
     FDCE:C->Q             5   0.447   0.714  Q0 (Q0)
     INV:I->O              1   0.206   0.579  Mmux_Q3_GND_16_o_MUX_16_o11_INV_0 (Q3_GND_16_o_MUX_16_o)
     FDCE:D                    0.102          Q0
    ----------------------------------------
    Total                      2.048ns (0.755ns logic, 1.293ns route)
                                       (36.9% logic, 63.1% route)

=========================================================================
Timing constraint: Default period analysis for Clock 'XLXI_16/XLXI_3/TC'
  Clock period: 2.048ns (frequency: 488.317MHz)
  Total number of paths / destination ports: 11 / 4
-------------------------------------------------------------------------
Delay:               2.048ns (Levels of Logic = 1)
  Source:            XLXI_16/XLXI_4/Q0 (FF)
  Destination:       XLXI_16/XLXI_4/Q0 (FF)
  Source Clock:      XLXI_16/XLXI_3/TC falling
  Destination Clock: XLXI_16/XLXI_3/TC falling

  Data Path: XLXI_16/XLXI_4/Q0 to XLXI_16/XLXI_4/Q0
                                Gate     Net
    Cell:in->out      fanout   Delay   Delay  Logical Name (Net Name)
    ----------------------------------------  ------------
     FDCE:C->Q             5   0.447   0.714  Q0 (Q0)
     INV:I->O              1   0.206   0.579  Mmux_Q3_GND_16_o_MUX_16_o11_INV_0 (Q3_GND_16_o_MUX_16_o)
     FDCE:D                    0.102          Q0
    ----------------------------------------
    Total                      2.048ns (0.755ns logic, 1.293ns route)
                                       (36.9% logic, 63.1% route)

=========================================================================
Timing constraint: Default period analysis for Clock 'XLXI_16/XLXI_2/TC'
  Clock period: 2.048ns (frequency: 488.317MHz)
  Total number of paths / destination ports: 11 / 4
-------------------------------------------------------------------------
Delay:               2.048ns (Levels of Logic = 1)
  Source:            XLXI_16/XLXI_3/Q0 (FF)
  Destination:       XLXI_16/XLXI_3/Q0 (FF)
  Source Clock:      XLXI_16/XLXI_2/TC falling
  Destination Clock: XLXI_16/XLXI_2/TC falling

  Data Path: XLXI_16/XLXI_3/Q0 to XLXI_16/XLXI_3/Q0
                                Gate     Net
    Cell:in->out      fanout   Delay   Delay  Logical Name (Net Name)
    ----------------------------------------  ------------
     FDCE:C->Q             5   0.447   0.714  Q0 (Q0)
     INV:I->O              1   0.206   0.579  Mmux_Q3_GND_16_o_MUX_16_o11_INV_0 (Q3_GND_16_o_MUX_16_o)
     FDCE:D                    0.102          Q0
    ----------------------------------------
    Total                      2.048ns (0.755ns logic, 1.293ns route)
                                       (36.9% logic, 63.1% route)

=========================================================================
Timing constraint: Default period analysis for Clock 'XLXI_16/XLXI_1/TC'
  Clock period: 2.048ns (frequency: 488.317MHz)
  Total number of paths / destination ports: 11 / 4
-------------------------------------------------------------------------
Delay:               2.048ns (Levels of Logic = 1)
  Source:            XLXI_16/XLXI_2/Q0 (FF)
  Destination:       XLXI_16/XLXI_2/Q0 (FF)
  Source Clock:      XLXI_16/XLXI_1/TC falling
  Destination Clock: XLXI_16/XLXI_1/TC falling

  Data Path: XLXI_16/XLXI_2/Q0 to XLXI_16/XLXI_2/Q0
                                Gate     Net
    Cell:in->out      fanout   Delay   Delay  Logical Name (Net Name)
    ----------------------------------------  ------------
     FDCE:C->Q             5   0.447   0.714  Q0 (Q0)
     INV:I->O              1   0.206   0.579  Mmux_Q3_GND_16_o_MUX_16_o11_INV_0 (Q3_GND_16_o_MUX_16_o)
     FDCE:D                    0.102          Q0
    ----------------------------------------
    Total                      2.048ns (0.755ns logic, 1.293ns route)
                                       (36.9% logic, 63.1% route)

=========================================================================
Timing constraint: Default period analysis for Clock 'CLK'
  Clock period: 2.048ns (frequency: 488.317MHz)
  Total number of paths / destination ports: 11 / 4
-------------------------------------------------------------------------
Delay:               2.048ns (Levels of Logic = 1)
  Source:            XLXI_16/XLXI_1/Q0 (FF)
  Destination:       XLXI_16/XLXI_1/Q0 (FF)
  Source Clock:      CLK rising
  Destination Clock: CLK rising

  Data Path: XLXI_16/XLXI_1/Q0 to XLXI_16/XLXI_1/Q0
                                Gate     Net
    Cell:in->out      fanout   Delay   Delay  Logical Name (Net Name)
    ----------------------------------------  ------------
     FDCE:C->Q             5   0.447   0.714  Q0 (Q0)
     INV:I->O              1   0.206   0.579  Mmux_Q3_GND_16_o_MUX_16_o11_INV_0 (Q3_GND_16_o_MUX_16_o)
     FDCE:D                    0.102          Q0
    ----------------------------------------
    Total                      2.048ns (0.755ns logic, 1.293ns route)
                                       (36.9% logic, 63.1% route)

=========================================================================
Timing constraint: Default period analysis for Clock 'XLXI_16/XLXI_7/TC'
  Clock period: 2.016ns (frequency: 495.933MHz)
  Total number of paths / destination ports: 1 / 1
-------------------------------------------------------------------------
Delay:               2.016ns (Levels of Logic = 1)
  Source:            XLXI_16/XLXI_28/Q (FF)
  Destination:       XLXI_16/XLXI_28/Q (FF)
  Source Clock:      XLXI_16/XLXI_7/TC falling
  Destination Clock: XLXI_16/XLXI_7/TC falling

  Data Path: XLXI_16/XLXI_28/Q to XLXI_16/XLXI_28/Q
                                Gate     Net
    Cell:in->out      fanout   Delay   Delay  Logical Name (Net Name)
    ----------------------------------------  ------------
     FDC:C->Q              4   0.447   0.683  Q (Q)
     INV:I->O              1   0.206   0.579  Mmux_Q_Q_MUX_3_o11_INV_0 (Q_Q_MUX_3_o)
     FDC:D                     0.102          Q
    ----------------------------------------
    Total                      2.016ns (0.755ns logic, 1.261ns route)
                                       (37.4% logic, 62.6% route)

=========================================================================
Timing constraint: Default period analysis for Clock 'XLXI_16/XLXI_28/Q'
  Clock period: 4.090ns (frequency: 244.502MHz)
  Total number of paths / destination ports: 13 / 4
-------------------------------------------------------------------------
Delay:               4.090ns (Levels of Logic = 4)
  Source:            XLXI_9/XLXI_22/Q (FF)
  Destination:       XLXI_9/XLXI_21/Q (FF)
  Source Clock:      XLXI_16/XLXI_28/Q rising
  Destination Clock: XLXI_16/XLXI_28/Q rising

  Data Path: XLXI_9/XLXI_22/Q to XLXI_9/XLXI_21/Q
                                Gate     Net
    Cell:in->out      fanout   Delay   Delay  Logical Name (Net Name)
    ----------------------------------------  ------------
     FDCE:C->Q            16   0.447   1.004  Q (Q)
     end scope: 'XLXI_9/XLXI_22:Q'
     INV:I->O              2   0.568   0.981  XLXI_9/XLXI_24 (XLXI_9/XLXN_41)
     AND2:I0->O            1   0.203   0.580  XLXI_9/XLXI_25 (XLXI_9/XLXN_42)
     begin scope: 'XLXI_9/XLXI_21:J'
     LUT3:I2->O            1   0.205   0.000  Q_rstpot (Q_rstpot)
     FDC:D                     0.102          Q
    ----------------------------------------
    Total                      4.090ns (1.525ns logic, 2.565ns route)
                                       (37.3% logic, 62.7% route)

=========================================================================
Timing constraint: Default OFFSET OUT AFTER for Clock 'XLXI_16/XLXI_28/Q'
  Total number of paths / destination ports: 41 / 8
-------------------------------------------------------------------------
Offset:              7.551ns (Levels of Logic = 5)
  Source:            XLXI_9/XLXI_20/Q (FF)
  Destination:       A (PAD)
  Source Clock:      XLXI_16/XLXI_28/Q rising

  Data Path: XLXI_9/XLXI_20/Q to A
                                Gate     Net
    Cell:in->out      fanout   Delay   Delay  Logical Name (Net Name)
    ----------------------------------------  ------------
     FDC:C->Q             20   0.447   1.092  Q (Q)
     end scope: 'XLXI_9/XLXI_20:Q'
     INV:I->O              1   0.568   0.944  XLXI_10/XLXI_4 (XLXI_10/XLXN_10)
     AND2:I0->O            1   0.203   0.808  XLXI_10/XLXI_2 (XLXI_10/XLXN_8)
     OR4:I3->O             1   0.339   0.579  XLXI_10/XLXI_1 (A_OBUF)
     OBUF:I->O                 2.571          A_OBUF (A)
    ----------------------------------------
    Total                      7.551ns (4.128ns logic, 3.423ns route)
                                       (54.7% logic, 45.3% route)

=========================================================================

Cross Clock Domains Report:
--------------------------

Clock to Setup on destination clock CLK
---------------+---------+---------+---------+---------+
               | Src:Rise| Src:Fall| Src:Rise| Src:Fall|
Source Clock   |Dest:Rise|Dest:Rise|Dest:Fall|Dest:Fall|
---------------+---------+---------+---------+---------+
CLK            |    2.048|         |         |         |
---------------+---------+---------+---------+---------+

Clock to Setup on destination clock XLXI_16/XLXI_1/TC
-----------------+---------+---------+---------+---------+
                 | Src:Rise| Src:Fall| Src:Rise| Src:Fall|
Source Clock     |Dest:Rise|Dest:Rise|Dest:Fall|Dest:Fall|
-----------------+---------+---------+---------+---------+
XLXI_16/XLXI_1/TC|         |         |    2.048|         |
-----------------+---------+---------+---------+---------+

Clock to Setup on destination clock XLXI_16/XLXI_2/TC
-----------------+---------+---------+---------+---------+
                 | Src:Rise| Src:Fall| Src:Rise| Src:Fall|
Source Clock     |Dest:Rise|Dest:Rise|Dest:Fall|Dest:Fall|
-----------------+---------+---------+---------+---------+
XLXI_16/XLXI_2/TC|         |         |    2.048|         |
-----------------+---------+---------+---------+---------+

Clock to Setup on destination clock XLXI_16/XLXI_28/Q
-----------------+---------+---------+---------+---------+
                 | Src:Rise| Src:Fall| Src:Rise| Src:Fall|
Source Clock     |Dest:Rise|Dest:Rise|Dest:Fall|Dest:Fall|
-----------------+---------+---------+---------+---------+
XLXI_16/XLXI_28/Q|    4.090|         |         |         |
-----------------+---------+---------+---------+---------+

Clock to Setup on destination clock XLXI_16/XLXI_3/TC
-----------------+---------+---------+---------+---------+
                 | Src:Rise| Src:Fall| Src:Rise| Src:Fall|
Source Clock     |Dest:Rise|Dest:Rise|Dest:Fall|Dest:Fall|
-----------------+---------+---------+---------+---------+
XLXI_16/XLXI_3/TC|         |         |    2.048|         |
-----------------+---------+---------+---------+---------+

Clock to Setup on destination clock XLXI_16/XLXI_4/TC
-----------------+---------+---------+---------+---------+
                 | Src:Rise| Src:Fall| Src:Rise| Src:Fall|
Source Clock     |Dest:Rise|Dest:Rise|Dest:Fall|Dest:Fall|
-----------------+---------+---------+---------+---------+
XLXI_16/XLXI_4/TC|         |         |    2.048|         |
-----------------+---------+---------+---------+---------+

Clock to Setup on destination clock XLXI_16/XLXI_5/TC
-----------------+---------+---------+---------+---------+
                 | Src:Rise| Src:Fall| Src:Rise| Src:Fall|
Source Clock     |Dest:Rise|Dest:Rise|Dest:Fall|Dest:Fall|
-----------------+---------+---------+---------+---------+
XLXI_16/XLXI_5/TC|         |         |    2.048|         |
-----------------+---------+---------+---------+---------+

Clock to Setup on destination clock XLXI_16/XLXI_6/TC
-----------------+---------+---------+---------+---------+
                 | Src:Rise| Src:Fall| Src:Rise| Src:Fall|
Source Clock     |Dest:Rise|Dest:Rise|Dest:Fall|Dest:Fall|
-----------------+---------+---------+---------+---------+
XLXI_16/XLXI_6/TC|         |         |    2.048|         |
-----------------+---------+---------+---------+---------+

Clock to Setup on destination clock XLXI_16/XLXI_7/TC
-----------------+---------+---------+---------+---------+
                 | Src:Rise| Src:Fall| Src:Rise| Src:Fall|
Source Clock     |Dest:Rise|Dest:Rise|Dest:Fall|Dest:Fall|
-----------------+---------+---------+---------+---------+
XLXI_16/XLXI_7/TC|         |         |    2.016|         |
-----------------+---------+---------+---------+---------+

=========================================================================


Total REAL time to Xst completion: 6.00 secs
Total CPU time to Xst completion: 5.98 secs
 
--> 

Total memory usage is 4486824 kilobytes

Number of errors   :    0 (   0 filtered)
Number of warnings :   34 (   0 filtered)
Number of infos    :   40 (   0 filtered)

