ISim log file
Running: C:\xilinx__workspace\Lab5_2\Q2_Q2_sch_tb_isim_beh.exe -intstyle ise -gui -tclbatch isim.cmd -wdb C:/xilinx__workspace/Lab5_2/Q2_Q2_sch_tb_isim_beh.wdb 
ISim P.20131013 (signature 0x7708f090)
This is a Full version of ISim.
Time resolution is 1 ps
# onerror resume
# wave add /
# run 1000 ns
Simulator is doing circuit initialization process.
Finished circuit initialization process.
0 0 1
0 1 0
0 1 1
1 0 0
1 0 1
1 1 0
1 1 1
0 0 0
0 0 1
0 1 0
Stopped at time : 200 ns : File "C:/xilinx__workspace/Lab5_2/code2.v" Line 28
