--------------------------------------------------------------------------------
Release 14.7 Trace  (nt64)
Copyright (c) 1995-2013 Xilinx, Inc.  All rights reserved.

D:\Xilinx\14.7\ISE_DS\ISE\bin\nt64\unwrapped\trce.exe -intstyle ise -v 3 -s 3
-n 3 -fastpaths -xml finalCircuit.twx finalCircuit.ncd -o finalCircuit.twr
finalCircuit.pcf -ucf finalCircuit.ucf

Design file:              finalCircuit.ncd
Physical constraint file: finalCircuit.pcf
Device,package,speed:     xc6slx9,tqg144,C,-3 (PRODUCTION 1.23 2013-10-13)
Report level:             verbose report

Environment Variable      Effect 
--------------------      ------ 
NONE                      No environment variables were set
--------------------------------------------------------------------------------

INFO:Timing:2698 - No timing constraints found, doing default enumeration.
INFO:Timing:3412 - To improve timing, see the Timing Closure User Guide (UG612).
INFO:Timing:2752 - To get complete path coverage, use the unconstrained paths 
   option. All paths that are not constrained will be reported in the 
   unconstrained paths section(s) of the report.
INFO:Timing:3339 - The clock-to-out numbers in this timing report are based on 
   a 50 Ohm transmission line loading model.  For the details of this model, 
   and for more information on accounting for different loading conditions, 
   please see the device datasheet.



Data Sheet report:
-----------------
All values displayed in nanoseconds (ns)

Clock pb1P45 to Pad
------------+-----------------+------------+-----------------+------------+------------------+--------+
            |Max (slowest) clk|  Process   |Min (fastest) clk|  Process   |                  | Clock  |
Destination |  (edge) to PAD  |   Corner   |  (edge) to PAD  |   Corner   |Internal Clock(s) | Phase  |
------------+-----------------+------------+-----------------+------------+------------------+--------+
A7          |        15.067(R)|      SLOW  |         7.593(R)|      FAST  |pb1P45_IBUF       |   0.000|
B7          |        14.958(R)|      SLOW  |         7.645(R)|      FAST  |pb1P45_IBUF       |   0.000|
C7          |        14.635(R)|      SLOW  |         7.415(R)|      FAST  |pb1P45_IBUF       |   0.000|
D7          |        14.587(R)|      SLOW  |         7.386(R)|      FAST  |pb1P45_IBUF       |   0.000|
E7          |        14.297(R)|      SLOW  |         7.304(R)|      FAST  |pb1P45_IBUF       |   0.000|
F7          |        14.288(R)|      SLOW  |         7.381(R)|      FAST  |pb1P45_IBUF       |   0.000|
G7          |        14.170(R)|      SLOW  |         6.598(R)|      FAST  |pb1P45_IBUF       |   0.000|
L0_P82      |         8.552(R)|      SLOW  |         4.754(R)|      FAST  |pb1P45_IBUF       |   0.000|
L1_P81      |         8.821(R)|      SLOW  |         4.726(R)|      FAST  |pb1P45_IBUF       |   0.000|
------------+-----------------+------------+-----------------+------------+------------------+--------+

Clock pb2P46 to Pad
------------+-----------------+------------+-----------------+------------+------------------+--------+
            |Max (slowest) clk|  Process   |Min (fastest) clk|  Process   |                  | Clock  |
Destination |  (edge) to PAD  |   Corner   |  (edge) to PAD  |   Corner   |Internal Clock(s) | Phase  |
------------+-----------------+------------+-----------------+------------+------------------+--------+
A7          |        15.021(R)|      SLOW  |         7.682(R)|      FAST  |pb2P46_IBUF       |   0.000|
B7          |        15.063(R)|      SLOW  |         7.845(R)|      FAST  |pb2P46_IBUF       |   0.000|
C7          |        14.740(R)|      SLOW  |         7.566(R)|      FAST  |pb2P46_IBUF       |   0.000|
D7          |        14.582(R)|      SLOW  |         7.603(R)|      FAST  |pb2P46_IBUF       |   0.000|
E7          |        14.334(R)|      SLOW  |         7.521(R)|      FAST  |pb2P46_IBUF       |   0.000|
F7          |        14.393(R)|      SLOW  |         7.598(R)|      FAST  |pb2P46_IBUF       |   0.000|
G7          |        14.184(R)|      SLOW  |         6.467(R)|      FAST  |pb2P46_IBUF       |   0.000|
L0_P82      |         8.922(R)|      SLOW  |         4.970(R)|      FAST  |pb2P46_IBUF       |   0.000|
L1_P81      |         9.191(R)|      SLOW  |         4.927(R)|      FAST  |pb2P46_IBUF       |   0.000|
------------+-----------------+------------+-----------------+------------+------------------+--------+

Clock to Setup on destination clock OSC123
---------------+---------+---------+---------+---------+
               | Src:Rise| Src:Fall| Src:Rise| Src:Fall|
Source Clock   |Dest:Rise|Dest:Rise|Dest:Fall|Dest:Fall|
---------------+---------+---------+---------+---------+
OSC123         |    1.341|         |         |         |
---------------+---------+---------+---------+---------+

Clock to Setup on destination clock pb1P45
---------------+---------+---------+---------+---------+
               | Src:Rise| Src:Fall| Src:Rise| Src:Fall|
Source Clock   |Dest:Rise|Dest:Rise|Dest:Fall|Dest:Fall|
---------------+---------+---------+---------+---------+
pb1P45         |    0.871|         |         |         |
---------------+---------+---------+---------+---------+

Clock to Setup on destination clock pb2P46
---------------+---------+---------+---------+---------+
               | Src:Rise| Src:Fall| Src:Rise| Src:Fall|
Source Clock   |Dest:Rise|Dest:Rise|Dest:Fall|Dest:Fall|
---------------+---------+---------+---------+---------+
pb2P46         |    0.871|         |         |         |
---------------+---------+---------+---------+---------+

Pad to Pad
---------------+---------------+---------+
Source Pad     |Destination Pad|  Delay  |
---------------+---------------+---------+
AIn<0>         |A7             |   14.917|
AIn<0>         |B7             |   14.760|
AIn<0>         |C7             |   14.437|
AIn<0>         |D7             |   14.305|
AIn<0>         |E7             |   14.098|
AIn<0>         |F7             |   14.050|
AIn<0>         |G7             |   13.888|
AIn<1>         |A7             |   15.118|
AIn<1>         |B7             |   14.961|
AIn<1>         |C7             |   14.638|
AIn<1>         |D7             |   14.413|
AIn<1>         |E7             |   14.299|
AIn<1>         |F7             |   14.226|
AIn<1>         |G7             |   14.017|
AIn<2>         |A7             |   15.431|
AIn<2>         |B7             |   15.274|
AIn<2>         |C7             |   14.951|
AIn<2>         |D7             |   14.687|
AIn<2>         |E7             |   14.612|
AIn<2>         |F7             |   14.539|
AIn<2>         |G7             |   14.330|
AIn<3>         |A7             |   15.384|
AIn<3>         |B7             |   15.227|
AIn<3>         |C7             |   14.904|
AIn<3>         |D7             |   14.640|
AIn<3>         |E7             |   14.565|
AIn<3>         |F7             |   14.492|
AIn<3>         |G7             |   14.283|
AIn<4>         |A7             |   15.392|
AIn<4>         |B7             |   15.235|
AIn<4>         |C7             |   14.912|
AIn<4>         |D7             |   14.648|
AIn<4>         |E7             |   14.573|
AIn<4>         |F7             |   14.500|
AIn<4>         |G7             |   14.291|
AIn<5>         |A7             |   15.325|
AIn<5>         |B7             |   15.168|
AIn<5>         |C7             |   14.845|
AIn<5>         |D7             |   14.581|
AIn<5>         |E7             |   14.506|
AIn<5>         |F7             |   14.433|
AIn<5>         |G7             |   14.224|
AIn<6>         |A7             |   14.658|
AIn<6>         |B7             |   14.593|
AIn<6>         |C7             |   14.270|
AIn<6>         |D7             |   14.383|
AIn<6>         |E7             |   14.147|
AIn<6>         |F7             |   13.939|
AIn<6>         |G7             |   13.966|
AIn<7>         |A7             |   14.636|
AIn<7>         |B7             |   14.442|
AIn<7>         |C7             |   14.119|
AIn<7>         |D7             |   14.361|
AIn<7>         |E7             |   14.125|
AIn<7>         |F7             |   13.917|
AIn<7>         |G7             |   13.944|
BIn<0>         |A7             |   15.337|
BIn<0>         |B7             |   15.180|
BIn<0>         |C7             |   14.857|
BIn<0>         |D7             |   14.706|
BIn<0>         |E7             |   14.518|
BIn<0>         |F7             |   14.451|
BIn<0>         |G7             |   14.289|
BIn<1>         |A7             |   15.472|
BIn<1>         |B7             |   15.315|
BIn<1>         |C7             |   14.992|
BIn<1>         |D7             |   14.728|
BIn<1>         |E7             |   14.653|
BIn<1>         |F7             |   14.580|
BIn<1>         |G7             |   14.371|
BIn<2>         |A7             |   15.086|
BIn<2>         |B7             |   14.929|
BIn<2>         |C7             |   14.606|
BIn<2>         |D7             |   14.342|
BIn<2>         |E7             |   14.267|
BIn<2>         |F7             |   14.194|
BIn<2>         |G7             |   13.985|
BIn<3>         |A7             |   14.899|
BIn<3>         |B7             |   14.742|
BIn<3>         |C7             |   14.419|
BIn<3>         |D7             |   14.189|
BIn<3>         |E7             |   14.080|
BIn<3>         |F7             |   14.007|
BIn<3>         |G7             |   13.798|
BIn<4>         |A7             |   15.376|
BIn<4>         |B7             |   15.219|
BIn<4>         |C7             |   14.896|
BIn<4>         |D7             |   14.641|
BIn<4>         |E7             |   14.557|
BIn<4>         |F7             |   14.484|
BIn<4>         |G7             |   14.275|
BIn<5>         |A7             |   15.011|
BIn<5>         |B7             |   14.854|
BIn<5>         |C7             |   14.531|
BIn<5>         |D7             |   14.267|
BIn<5>         |E7             |   14.192|
BIn<5>         |F7             |   14.119|
BIn<5>         |G7             |   13.910|
BIn<6>         |A7             |   14.503|
BIn<6>         |B7             |   14.545|
BIn<6>         |C7             |   14.222|
BIn<6>         |D7             |   14.021|
BIn<6>         |E7             |   13.785|
BIn<6>         |F7             |   13.875|
BIn<6>         |G7             |   13.666|
BIn<7>         |A7             |   13.782|
BIn<7>         |B7             |   13.588|
BIn<7>         |C7             |   13.265|
BIn<7>         |D7             |   13.507|
BIn<7>         |E7             |   13.271|
BIn<7>         |F7             |   13.063|
BIn<7>         |G7             |   13.090|
---------------+---------------+---------+


Analysis completed Wed Nov 04 17:56:10 2020 
--------------------------------------------------------------------------------

Trace Settings:
-------------------------
Trace Settings 

Peak Memory Usage: 4573 MB



