ISim log file
Running: C:\xilinx__workspace\Lab5\Q1_Q1_sch_tb_isim_beh.exe -intstyle ise -gui -tclbatch isim.cmd -wdb C:/xilinx__workspace/Lab5/Q1_Q1_sch_tb_isim_beh.wdb 
INFO: There is another simulation running in the same directory. Using database file name isim1.wdb.
ISim P.20131013 (signature 0x7708f090)
This is a Full version of ISim.
Time resolution is 1 ps
# onerror resume
# wave add /
# run 1000 ns
Simulator is doing circuit initialization process.
Finished circuit initialization process.
0 0 0 0 : 1 1 1 1 1 1 0
0 0 0 1 : 0 1 1 0 0 0 0
0 0 1 0 : 1 1 0 1 1 0 1
0 0 1 1 : 1 1 1 1 0 0 1
0 1 0 0 : 0 1 1 0 0 1 1
0 1 0 1 : 1 0 1 1 0 1 1
0 1 1 0 : 0 0 1 1 1 1 1
0 1 1 1 : 1 1 1 0 0 1 0
1 0 0 0 : 1 1 1 1 1 1 1
1 0 0 1 : 1 1 1 1 0 1 1
Stopped at time : 50 ns : File "C:/xilinx__workspace/Lab5/code1.v" Line 90
