#-----------------------------------------------------------
# PlanAhead v14.7
# Build 321239 by xbuild on Fri Sep 27 19:31:35 MDT 2013
# Start of session at: Fri Dec 03 14:32:17 2021
# Process ID: 22548
# Log file: C:/xilinx__workspace/Final/planAhead_run_3/planAhead.log
# Journal file: C:/xilinx__workspace/Final/planAhead_run_3/planAhead.jou
#-----------------------------------------------------------
INFO: [Common 17-78] Attempting to get a license: PlanAhead
INFO: [Common 17-290] Got license for PlanAhead
INFO: [Device 21-36] Loading parts and site information from C:/Xilinx/14.7/ISE_DS/PlanAhead/data/parts/arch.xml
Parsing RTL primitives file [C:/Xilinx/14.7/ISE_DS/PlanAhead/data/parts/xilinx/rtl/prims/rtl_prims.xml]
Finished parsing RTL primitives file [C:/Xilinx/14.7/ISE_DS/PlanAhead/data/parts/xilinx/rtl/prims/rtl_prims.xml]
start_gui
source C:/xilinx__workspace/Final/pa.fromHdl.tcl
# create_project -name Final -dir "C:/xilinx__workspace/Final/planAhead_run_3" -part xc6slx9tqg144-3
# set_param project.pinAheadLayout yes
# set srcset [get_property srcset [current_run -impl]]
# set_property target_constrs_file "Main.ucf" [current_fileset -constrset]
Adding file 'C:/xilinx__workspace/Final/Main.ucf' to fileset 'constrs_1'
# set hdlfile [add_files [list {to_1_2_10_100_1000Hz.vf}]]
# set_property file_type Verilog $hdlfile
# set_property library work $hdlfile
# set hdlfile [add_files [list {Main.vf}]]
# set_property file_type Verilog $hdlfile
# set_property library work $hdlfile
# set_property top Main $srcset
# add_files [list {Main.ucf}] -fileset [get_property constrset [current_run]]
# open_rtl_design -part xc6slx9tqg144-3
Using Verific elaboration
Parsing VHDL file "C:/Xilinx/14.7/ISE_DS/PlanAhead/data/parts/xilinx/rtl/lib/synplify/synattr.vhd" into library synplify
Analyzing Verilog file "C:/xilinx__workspace/Final/Main.vf" into library work
Loading clock regions from C:/Xilinx/14.7/ISE_DS/PlanAhead/data\parts/xilinx/spartan6/spartan6lx/xc6slx9/ClockRegion.xml
Loading clock buffers from C:/Xilinx/14.7/ISE_DS/PlanAhead/data\parts/xilinx/spartan6/spartan6lx/xc6slx9/ClockBuffers.xml
Loading package pin functions from C:/Xilinx/14.7/ISE_DS/PlanAhead/data\parts/xilinx/spartan6/PinFunctions.xml...
Loading package from C:/Xilinx/14.7/ISE_DS/PlanAhead/data\parts/xilinx/spartan6/spartan6lx/xc6slx9/tqg144/Package.xml
Loading io standards from C:/Xilinx/14.7/ISE_DS/PlanAhead/data\./parts/xilinx/spartan6/IOStandards.xml
Loading device configuration modes from C:/Xilinx/14.7/ISE_DS/PlanAhead/data\parts/xilinx/spartan6/ConfigModes.xml
Loading list of drcs for the architecture : C:/Xilinx/14.7/ISE_DS/PlanAhead/data\./parts/xilinx/spartan6/drc.xml
Parsing UCF File [C:/xilinx__workspace/Final/Main.ucf]
Finished Parsing UCF File [C:/xilinx__workspace/Final/Main.ucf]
INFO: [Project 1-111] Unisim Transformation Summary:
No Unisim elements were transformed.

Phase 0 | Netlist Checksum: ec92b53a
update_compile_order -fileset sim_1
startgroup
set_property package_pin P6 [get_ports P6]
endgroup
startgroup
set_property package_pin P7 [get_ports P7]
endgroup
startgroup
set_property package_pin P9 [get_ports P9]
endgroup
startgroup
set_property package_pin P11 [get_ports P11]
endgroup
startgroup
set_property package_pin P14 [get_ports P14]
endgroup
startgroup
set_property package_pin P16 [get_ports P16]
endgroup
startgroup
set_property package_pin P24 [get_ports P24]
endgroup
startgroup
set_property package_pin P21 [get_ports P21]
endgroup
save_constraints
exit
ERROR: [PlanAhead 12-106] *** Exception: ui.h.b: Found deleted key in HTclEventBroker. Verify if the classes listed here call cleanup()
HTclEvent: SIGNAL_BUS_MODIFY   Classes: ui.views.aR 
HTclEvent: DEBUG_PORT_CONFIG_CHANGE   Classes: ui.views.aR 
HTclEvent: DEBUG_CORE_CONFIG_CHANGE   Classes: ui.views.aR 
HTclEvent: SIGNAL_MODIFY   Classes: ui.views.aR 
 (See C:/xilinx__workspace/Final\planAhead_pid22548.debug)
ERROR: [Common 17-39] 'stop_gui' failed due to earlier errors.
INFO: [Common 17-206] Exiting PlanAhead at Fri Dec 03 14:32:59 2021...
INFO: [Common 17-83] Releasing license: PlanAhead
