Running: C:\Xilinx\14.7\ISE_DS\ISE\bin\nt64\unwrapped\fuse.exe -intstyle ise -incremental -lib unisims_ver -lib unimacro_ver -lib xilinxcorelib_ver -lib secureip -o C:/xilinx__workspace/Lab06/Main_Main_sch_tb_isim_beh.exe -prj C:/xilinx__workspace/Lab06/Main_Main_sch_tb_beh.prj work.Main_Main_sch_tb work.glbl 
ISim P.20131013 (signature 0x7708f090)
Number of CPUs detected in this system: 12
Turning on mult-threading, number of parallel sub-compilation jobs: 24 
Determining compilation order of HDL files
Analyzing Verilog file "C:/xilinx__workspace/Lab06/Main.vf" into library work
Analyzing Verilog file "C:/xilinx__workspace/Lab06/codey.v" into library work
Analyzing Verilog file "C:/Xilinx/14.7/ISE_DS/ISE//verilog/src/glbl.v" into library work
Starting static elaboration
Completed static elaboration
Compiling module FJKC_HXILINX_Main
Compiling module AND2
Compiling module VCC
Compiling module AND3
Compiling module INV
Compiling module OR4
Compiling module OR2
Compiling module OR3
Compiling module OR5
Compiling module XOR2
Compiling module AND4B4
Compiling module Main
Compiling module Main_Main_sch_tb
Compiling module glbl
Time Resolution for simulation is 1ps.
Waiting for 1 sub-compilation(s) to finish...
Compiled 14 Verilog Units
Built simulation executable C:/xilinx__workspace/Lab06/Main_Main_sch_tb_isim_beh.exe
Fuse Memory Usage: 28468 KB
Fuse CPU Usage: 421 ms
