#-----------------------------------------------------------
# PlanAhead v14.7
# Build 321239 by xbuild on Fri Sep 27 19:31:35 MDT 2013
# Start of session at: Wed Dec 15 21:23:44 2021
# Process ID: 22912
# Log file: C:/xilinx__workspace/checkLED/planAhead_run_1/planAhead.log
# Journal file: C:/xilinx__workspace/checkLED/planAhead_run_1/planAhead.jou
#-----------------------------------------------------------
INFO: [Common 17-78] Attempting to get a license: PlanAhead
INFO: [Common 17-290] Got license for PlanAhead
INFO: [Device 21-36] Loading parts and site information from C:/Xilinx/14.7/ISE_DS/PlanAhead/data/parts/arch.xml
Parsing RTL primitives file [C:/Xilinx/14.7/ISE_DS/PlanAhead/data/parts/xilinx/rtl/prims/rtl_prims.xml]
Finished parsing RTL primitives file [C:/Xilinx/14.7/ISE_DS/PlanAhead/data/parts/xilinx/rtl/prims/rtl_prims.xml]
start_gui
source C:/xilinx__workspace/checkLED/pa.fromHdl.tcl
# create_project -name checkLED -dir "C:/xilinx__workspace/checkLED/planAhead_run_1" -part xc6slx9tqg144-3
# set_param project.pinAheadLayout yes
# set srcset [get_property srcset [current_run -impl]]
# set_property target_constrs_file "main.ucf" [current_fileset -constrset]
Adding file 'C:/xilinx__workspace/checkLED/main.ucf' to fileset 'constrs_1'
# set hdlfile [add_files [list {main.vf}]]
# set_property file_type Verilog $hdlfile
# set_property library work $hdlfile
# set_property top main $srcset
# add_files [list {main.ucf}] -fileset [get_property constrset [current_run]]
# open_rtl_design -part xc6slx9tqg144-3
Using Verific elaboration
Parsing VHDL file "C:/Xilinx/14.7/ISE_DS/PlanAhead/data/parts/xilinx/rtl/lib/synplify/synattr.vhd" into library synplify
Analyzing Verilog file "C:/xilinx__workspace/checkLED/main.vf" into library work
Loading clock regions from C:/Xilinx/14.7/ISE_DS/PlanAhead/data\parts/xilinx/spartan6/spartan6lx/xc6slx9/ClockRegion.xml
Loading clock buffers from C:/Xilinx/14.7/ISE_DS/PlanAhead/data\parts/xilinx/spartan6/spartan6lx/xc6slx9/ClockBuffers.xml
Loading package pin functions from C:/Xilinx/14.7/ISE_DS/PlanAhead/data\parts/xilinx/spartan6/PinFunctions.xml...
Loading package from C:/Xilinx/14.7/ISE_DS/PlanAhead/data\parts/xilinx/spartan6/spartan6lx/xc6slx9/tqg144/Package.xml
Loading io standards from C:/Xilinx/14.7/ISE_DS/PlanAhead/data\./parts/xilinx/spartan6/IOStandards.xml
Loading device configuration modes from C:/Xilinx/14.7/ISE_DS/PlanAhead/data\parts/xilinx/spartan6/ConfigModes.xml
Loading list of drcs for the architecture : C:/Xilinx/14.7/ISE_DS/PlanAhead/data\./parts/xilinx/spartan6/drc.xml
Parsing UCF File [C:/xilinx__workspace/checkLED/main.ucf]
Finished Parsing UCF File [C:/xilinx__workspace/checkLED/main.ucf]
INFO: [Project 1-111] Unisim Transformation Summary:
No Unisim elements were transformed.

Phase 0 | Netlist Checksum: 2bdc51b9
update_compile_order -fileset sim_1
startgroup
set_property package_pin P124 [get_ports G0]
endgroup
startgroup
set_property package_pin P127 [get_ports G1]
endgroup
startgroup
set_property package_pin P132 [get_ports G2]
endgroup
startgroup
set_property package_pin P134 [get_ports G3]
endgroup
startgroup
set_property package_pin P138 [get_ports G4]
endgroup
startgroup
set_property package_pin P140 [get_ports G5]
endgroup
startgroup
set_property package_pin P142 [get_ports G6]
endgroup
startgroup
set_property package_pin P1 [get_ports G7]
endgroup
startgroup
set_property package_pin P5 [get_ports G8]
endgroup
startgroup
set_property package_pin P126 [get_ports R0]
endgroup
startgroup
set_property package_pin P131 [get_ports R1]
endgroup
startgroup
set_property package_pin P133 [get_ports R2]
endgroup
startgroup
set_property package_pin P137 [get_ports R3]
endgroup
startgroup
set_property package_pin P139 [get_ports R4]
endgroup
startgroup
set_property package_pin P141 [get_ports R5]
endgroup
startgroup
set_property package_pin P143 [get_ports R6]
endgroup
startgroup
set_property package_pin P2 [get_ports R7]
endgroup
startgroup
set_property package_pin P6 [get_ports R8]
endgroup
save_constraints
exit
ERROR: [PlanAhead 12-106] *** Exception: ui.h.b: Found deleted key in HTclEventBroker. Verify if the classes listed here call cleanup()
HTclEvent: SIGNAL_BUS_MODIFY   Classes: ui.views.aR 
HTclEvent: SIGNAL_MODIFY   Classes: ui.views.aR 
HTclEvent: DEBUG_CORE_CONFIG_CHANGE   Classes: ui.views.aR 
HTclEvent: DEBUG_PORT_CONFIG_CHANGE   Classes: ui.views.aR 
 (See C:/xilinx__workspace/checkLED\planAhead_pid22912.debug)
ERROR: [Common 17-39] 'stop_gui' failed due to earlier errors.
INFO: [Common 17-206] Exiting PlanAhead at Wed Dec 15 21:24:44 2021...
INFO: [Common 17-83] Releasing license: PlanAhead
